<?xml version="1.0" encoding="UTF-8"?>
<robot generator="Rebot 4.0.3 (Python 3.8.5 on darwin)" generated="20210916 14:38:07.468" rpa="false" schemaversion="2">
<suite id="s1" name="Tests" source="/Users/rahulshetty/pythonProjects/RobotFramework/tests">
<suite id="s1-s1" name="testDemo1" source="/Users/rahulshetty/pythonProjects/RobotFramework/tests/testDemo1.robot">
<test id="s1-s1-t1" name="Validate UnSuccesful Login">
<kw name="open the browser with the Mortgage payment url">
<kw name="Create Webdriver" library="SeleniumLibrary">
<arg>Chrome</arg>
<arg>executable_path=/Users/rahulshetty/Documents/chromedriver</arg>
<doc>Creates an instance of Selenium WebDriver.</doc>
<msg timestamp="20210916 14:37:38.161" level="INFO">Creating an instance of the Chrome WebDriver.</msg>
<status status="PASS" starttime="20210916 14:37:38.161" endtime="20210916 14:37:41.935"/>
</kw>
<kw name="Go To" library="SeleniumLibrary">
<arg>https://rahulshettyacademy.com/loginpagePractise/</arg>
<doc>Navigates the current browser window to the provided ``url``.</doc>
<msg timestamp="20210916 14:37:41.937" level="INFO">Opening url 'https://rahulshettyacademy.com/loginpagePractise/'</msg>
<status status="PASS" starttime="20210916 14:37:41.936" endtime="20210916 14:37:43.108"/>
</kw>
<status status="PASS" starttime="20210916 14:37:38.160" endtime="20210916 14:37:43.110"/>
</kw>
<kw name="Fill the login Form">
<kw name="Input Text" library="SeleniumLibrary">
<arg>id:username</arg>
<arg>rahulshettyacademy</arg>
<doc>Types the given ``text`` into the text field identified by ``locator``.</doc>
<msg timestamp="20210916 14:37:43.114" level="INFO">Typing text 'rahulshettyacademy' into text field 'id:username'.</msg>
<status status="PASS" starttime="20210916 14:37:43.112" endtime="20210916 14:37:43.499"/>
</kw>
<kw name="Input Password" library="SeleniumLibrary">
<arg>id:password</arg>
<arg>12345678</arg>
<doc>Types the given password into the text field identified by ``locator``.</doc>
<msg timestamp="20210916 14:37:43.501" level="INFO">Typing password into text field 'id:password'.</msg>
<msg timestamp="20210916 14:37:43.571" level="INFO">Temporally setting log level to: NONE</msg>
<msg timestamp="20210916 14:37:43.638" level="INFO">Log level changed from NONE to INFO.</msg>
<status status="PASS" starttime="20210916 14:37:43.500" endtime="20210916 14:37:43.638"/>
</kw>
<kw name="Click Button" library="SeleniumLibrary">
<arg>signInBtn</arg>
<doc>Clicks the button identified by ``locator``.</doc>
<msg timestamp="20210916 14:37:43.639" level="INFO">Clicking button 'signInBtn'.</msg>
<status status="PASS" starttime="20210916 14:37:43.638" endtime="20210916 14:37:43.755"/>
</kw>
<status status="PASS" starttime="20210916 14:37:43.111" endtime="20210916 14:37:43.756"/>
</kw>
<kw name="wait until it checks and display error message">
<kw name="Wait Until Element Is Visible" library="SeleniumLibrary">
<arg>${Error_Message_Login}</arg>
<doc>Waits until the element ``locator`` is visible.</doc>
<status status="PASS" starttime="20210916 14:37:43.757" endtime="20210916 14:37:45.744"/>
</kw>
<status status="PASS" starttime="20210916 14:37:43.756" endtime="20210916 14:37:45.745"/>
</kw>
<kw name="verify error message is correct">
<kw name="Get Text" library="SeleniumLibrary">
<var>${result}</var>
<arg>${Error_Message_Login}</arg>
<doc>Returns the text value of the element identified by ``locator``.</doc>
<msg timestamp="20210916 14:37:45.777" level="INFO">${result} = Incorrect username/password.</msg>
<status status="PASS" starttime="20210916 14:37:45.747" endtime="20210916 14:37:45.777"/>
</kw>
<kw name="Should Be Equal As Strings" library="BuiltIn">
<arg>${result}</arg>
<arg>Incorrect username/password.</arg>
<doc>Fails if objects are unequal after converting them to strings.</doc>
<status status="PASS" starttime="20210916 14:37:45.777" endtime="20210916 14:37:45.778"/>
</kw>
<kw name="Element Text Should Be" library="SeleniumLibrary">
<arg>${Error_Message_Login}</arg>
<arg>Incorrect username/password.</arg>
<doc>Verifies that element ``locator`` contains exact the text ``expected``.</doc>
<msg timestamp="20210916 14:37:45.779" level="INFO">Verifying element 'css:.alert-danger' contains exact text 'Incorrect username/password.'.</msg>
<status status="PASS" starttime="20210916 14:37:45.779" endtime="20210916 14:37:45.797"/>
</kw>
<status status="PASS" starttime="20210916 14:37:45.746" endtime="20210916 14:37:45.798"/>
</kw>
<kw name="Close Browser" library="SeleniumLibrary" type="TEARDOWN">
<doc>Closes the current browser.</doc>
<status status="PASS" starttime="20210916 14:37:45.798" endtime="20210916 14:37:45.888"/>
</kw>
<status status="PASS" starttime="20210916 14:37:38.159" endtime="20210916 14:37:45.889"/>
</test>
<doc>To validate the Login form</doc>
<status status="PASS" starttime="20210916 14:37:37.947" endtime="20210916 14:37:45.891"/>
</suite>
<suite id="s1-s2" name="testDemo2" source="/Users/rahulshetty/pythonProjects/RobotFramework/tests/testDemo2.robot">
<test id="s1-s2-t1" name="Validate UnSuccesful Login">
<kw name="open the browser with the Mortgage payment url" library="Generic" type="SETUP">
<kw name="Create Webdriver" library="SeleniumLibrary">
<arg>Chrome</arg>
<arg>executable_path=/Users/rahulshetty/Documents/chromedriver</arg>
<doc>Creates an instance of Selenium WebDriver.</doc>
<msg timestamp="20210916 14:37:38.174" level="INFO">Creating an instance of the Chrome WebDriver.</msg>
<status status="PASS" starttime="20210916 14:37:38.174" endtime="20210916 14:37:41.899"/>
</kw>
<kw name="Go To" library="SeleniumLibrary">
<arg>${url}</arg>
<doc>Navigates the current browser window to the provided ``url``.</doc>
<msg timestamp="20210916 14:37:41.901" level="INFO">Opening url 'https://rahulshettyacademy.com/loginpagePractise/'</msg>
<status status="PASS" starttime="20210916 14:37:41.900" endtime="20210916 14:37:43.090"/>
</kw>
<status status="PASS" starttime="20210916 14:37:38.173" endtime="20210916 14:37:43.090"/>
</kw>
<kw name="Fill the login Form">
<arg>${user_name}</arg>
<arg>${invalid_password}</arg>
<kw name="Input Text" library="SeleniumLibrary">
<arg>id:username</arg>
<arg>${username}</arg>
<doc>Types the given ``text`` into the text field identified by ``locator``.</doc>
<msg timestamp="20210916 14:37:43.094" level="INFO">Typing text 'rahulshettyacademy' into text field 'id:username'.</msg>
<status status="PASS" starttime="20210916 14:37:43.093" endtime="20210916 14:37:43.388"/>
</kw>
<kw name="Input Password" library="SeleniumLibrary">
<arg>id:password</arg>
<arg>${password}</arg>
<doc>Types the given password into the text field identified by ``locator``.</doc>
<msg timestamp="20210916 14:37:43.390" level="INFO">Typing password into text field 'id:password'.</msg>
<msg timestamp="20210916 14:37:43.459" level="INFO">Temporally setting log level to: NONE</msg>
<msg timestamp="20210916 14:37:43.551" level="INFO">Log level changed from NONE to INFO.</msg>
<status status="PASS" starttime="20210916 14:37:43.389" endtime="20210916 14:37:43.551"/>
</kw>
<kw name="Click Button" library="SeleniumLibrary">
<arg>signInBtn</arg>
<doc>Clicks the button identified by ``locator``.</doc>
<msg timestamp="20210916 14:37:43.553" level="INFO">Clicking button 'signInBtn'.</msg>
<status status="PASS" starttime="20210916 14:37:43.552" endtime="20210916 14:37:43.684"/>
</kw>
<status status="PASS" starttime="20210916 14:37:43.091" endtime="20210916 14:37:43.684"/>
</kw>
<kw name="wait until Element is located in the page">
<arg>${Error_Message_Login}</arg>
<kw name="Wait Until Element Is Visible" library="SeleniumLibrary">
<arg>${element}</arg>
<doc>Waits until the element ``locator`` is visible.</doc>
<status status="PASS" starttime="20210916 14:37:43.687" endtime="20210916 14:37:45.674"/>
</kw>
<status status="PASS" starttime="20210916 14:37:43.685" endtime="20210916 14:37:45.674"/>
</kw>
<kw name="verify error message is correct">
<kw name="Get Text" library="SeleniumLibrary">
<var>${result}</var>
<arg>${Error_Message_Login}</arg>
<doc>Returns the text value of the element identified by ``locator``.</doc>
<msg timestamp="20210916 14:37:45.705" level="INFO">${result} = Incorrect username/password.</msg>
<status status="PASS" starttime="20210916 14:37:45.675" endtime="20210916 14:37:45.705"/>
</kw>
<kw name="Should Be Equal As Strings" library="BuiltIn">
<arg>${result}</arg>
<arg>Incorrect username/password.</arg>
<doc>Fails if objects are unequal after converting them to strings.</doc>
<status status="PASS" starttime="20210916 14:37:45.705" endtime="20210916 14:37:45.707"/>
</kw>
<kw name="Element Text Should Be" library="SeleniumLibrary">
<arg>${Error_Message_Login}</arg>
<arg>Incorrect username/password.</arg>
<doc>Verifies that element ``locator`` contains exact the text ``expected``.</doc>
<msg timestamp="20210916 14:37:45.708" level="INFO">Verifying element 'css:.alert-danger' contains exact text 'Incorrect username/password.'.</msg>
<status status="PASS" starttime="20210916 14:37:45.707" endtime="20210916 14:37:45.725"/>
</kw>
<status status="PASS" starttime="20210916 14:37:45.675" endtime="20210916 14:37:45.725"/>
</kw>
<kw name="Close Browser session" library="Generic" type="TEARDOWN">
<kw name="Close Browser" library="SeleniumLibrary">
<doc>Closes the current browser.</doc>
<status status="PASS" starttime="20210916 14:37:45.727" endtime="20210916 14:37:45.874"/>
</kw>
<status status="PASS" starttime="20210916 14:37:45.726" endtime="20210916 14:37:45.875"/>
</kw>
<tag>SMOKE</tag>
<status status="PASS" starttime="20210916 14:37:38.172" endtime="20210916 14:37:45.875"/>
</test>
<test id="s1-s2-t2" name="Validate Cards display in the Shopping Page">
<kw name="open the browser with the Mortgage payment url" library="Generic" type="SETUP">
<kw name="Create Webdriver" library="SeleniumLibrary">
<arg>Chrome</arg>
<arg>executable_path=/Users/rahulshetty/Documents/chromedriver</arg>
<doc>Creates an instance of Selenium WebDriver.</doc>
<msg timestamp="20210916 14:37:45.881" level="INFO">Creating an instance of the Chrome WebDriver.</msg>
<status status="PASS" starttime="20210916 14:37:45.880" endtime="20210916 14:37:48.752"/>
</kw>
<kw name="Go To" library="SeleniumLibrary">
<arg>${url}</arg>
<doc>Navigates the current browser window to the provided ``url``.</doc>
<msg timestamp="20210916 14:37:48.755" level="INFO">Opening url 'https://rahulshettyacademy.com/loginpagePractise/'</msg>
<status status="PASS" starttime="20210916 14:37:48.753" endtime="20210916 14:37:49.954"/>
</kw>
<status status="PASS" starttime="20210916 14:37:45.879" endtime="20210916 14:37:49.955"/>
</kw>
<kw name="Fill the login Form">
<arg>${user_name}</arg>
<arg>${valid_password}</arg>
<kw name="Input Text" library="SeleniumLibrary">
<arg>id:username</arg>
<arg>${username}</arg>
<doc>Types the given ``text`` into the text field identified by ``locator``.</doc>
<msg timestamp="20210916 14:37:49.958" level="INFO">Typing text 'rahulshettyacademy' into text field 'id:username'.</msg>
<status status="PASS" starttime="20210916 14:37:49.957" endtime="20210916 14:37:50.197"/>
</kw>
<kw name="Input Password" library="SeleniumLibrary">
<arg>id:password</arg>
<arg>${password}</arg>
<doc>Types the given password into the text field identified by ``locator``.</doc>
<msg timestamp="20210916 14:37:50.198" level="INFO">Typing password into text field 'id:password'.</msg>
<msg timestamp="20210916 14:37:50.258" level="INFO">Temporally setting log level to: NONE</msg>
<msg timestamp="20210916 14:37:50.326" level="INFO">Log level changed from NONE to INFO.</msg>
<status status="PASS" starttime="20210916 14:37:50.197" endtime="20210916 14:37:50.326"/>
</kw>
<kw name="Click Button" library="SeleniumLibrary">
<arg>signInBtn</arg>
<doc>Clicks the button identified by ``locator``.</doc>
<msg timestamp="20210916 14:37:50.327" level="INFO">Clicking button 'signInBtn'.</msg>
<status status="PASS" starttime="20210916 14:37:50.327" endtime="20210916 14:37:50.433"/>
</kw>
<status status="PASS" starttime="20210916 14:37:49.955" endtime="20210916 14:37:50.434"/>
</kw>
<kw name="wait until Element is located in the page">
<arg>${Shop_page_load}</arg>
<kw name="Wait Until Element Is Visible" library="SeleniumLibrary">
<arg>${element}</arg>
<doc>Waits until the element ``locator`` is visible.</doc>
<status status="PASS" starttime="20210916 14:37:50.436" endtime="20210916 14:37:54.820"/>
</kw>
<status status="PASS" starttime="20210916 14:37:50.434" endtime="20210916 14:37:54.821"/>
</kw>
<kw name="Verify Card titles in the Shop page">
<kw name="Create List" library="BuiltIn">
<var>@{expectedList}</var>
<arg>iphone X</arg>
<arg>Samsung Note 8</arg>
<arg>Nokia Edge</arg>
<arg>Blackberry</arg>
<doc>Returns a list containing given items.</doc>
<msg timestamp="20210916 14:37:54.823" level="INFO">@{expectedList} = [ iphone X | Samsung Note 8 | Nokia Edge | Blackberry ]</msg>
<status status="PASS" starttime="20210916 14:37:54.822" endtime="20210916 14:37:54.845"/>
</kw>
<kw name="Get WebElements" library="SeleniumLibrary">
<var>${elements}</var>
<arg>css:.card-title</arg>
<doc>Returns a list of WebElement objects matching the ``locator``.</doc>
<msg timestamp="20210916 14:37:54.872" level="INFO">${elements} = [&lt;selenium.webdriver.remote.webelement.WebElement (session="3e0d0abd3648903aa6b3325e99ed8f81", element="dd860da6-5d9a-4852-a6af-b386874f7750")&gt;, &lt;selenium.webdriver.remote.webelement.WebElement (sessi...</msg>
<status status="PASS" starttime="20210916 14:37:54.846" endtime="20210916 14:37:54.872"/>
</kw>
<kw name="Create List" library="BuiltIn">
<var>@{actualList}</var>
<doc>Returns a list containing given items.</doc>
<msg timestamp="20210916 14:37:54.873" level="INFO">@{actualList} = [ ]</msg>
<status status="PASS" starttime="20210916 14:37:54.872" endtime="20210916 14:37:54.873"/>
</kw>
<for flavor="IN">
<var>${element}</var>
<value>@{elements}</value>
<iter>
<var name="${element}">&lt;selenium.webdriver.remote.webelement.WebElement (session="3e0d0abd3648903aa6b3325e99ed8f81", element="dd860da6-5d9a-4852-a6af-b386874f7750")&gt;</var>
<kw name="Log" library="BuiltIn">
<arg>${element.text}</arg>
<doc>Logs the given message with the given level.</doc>
<msg timestamp="20210916 14:37:54.897" level="INFO">iphone X</msg>
<status status="PASS" starttime="20210916 14:37:54.874" endtime="20210916 14:37:54.897"/>
</kw>
<kw name="Append To List" library="Collections">
<arg>${actualList}</arg>
<arg>${element.text}</arg>
<doc>Adds ``values`` to the end of ``list``.</doc>
<status status="PASS" starttime="20210916 14:37:54.898" endtime="20210916 14:37:54.918"/>
</kw>
<status status="PASS" starttime="20210916 14:37:54.874" endtime="20210916 14:37:54.918"/>
</iter>
<iter>
<var name="${element}">&lt;selenium.webdriver.remote.webelement.WebElement (session="3e0d0abd3648903aa6b3325e99ed8f81", element="85f5f1ea-991e-45ac-9665-10f20914e89d")&gt;</var>
<kw name="Log" library="BuiltIn">
<arg>${element.text}</arg>
<doc>Logs the given message with the given level.</doc>
<msg timestamp="20210916 14:37:54.941" level="INFO">Samsung Note 8</msg>
<status status="PASS" starttime="20210916 14:37:54.919" endtime="20210916 14:37:54.941"/>
</kw>
<kw name="Append To List" library="Collections">
<arg>${actualList}</arg>
<arg>${element.text}</arg>
<doc>Adds ``values`` to the end of ``list``.</doc>
<status status="PASS" starttime="20210916 14:37:54.942" endtime="20210916 14:37:54.954"/>
</kw>
<status status="PASS" starttime="20210916 14:37:54.918" endtime="20210916 14:37:54.955"/>
</iter>
<iter>
<var name="${element}">&lt;selenium.webdriver.remote.webelement.WebElement (session="3e0d0abd3648903aa6b3325e99ed8f81", element="a6602c19-8014-4e1a-b4f2-3439e448c0c1")&gt;</var>
<kw name="Log" library="BuiltIn">
<arg>${element.text}</arg>
<doc>Logs the given message with the given level.</doc>
<msg timestamp="20210916 14:37:54.979" level="INFO">Nokia Edge</msg>
<status status="PASS" starttime="20210916 14:37:54.957" endtime="20210916 14:37:54.980"/>
</kw>
<kw name="Append To List" library="Collections">
<arg>${actualList}</arg>
<arg>${element.text}</arg>
<doc>Adds ``values`` to the end of ``list``.</doc>
<status status="PASS" starttime="20210916 14:37:54.980" endtime="20210916 14:37:54.993"/>
</kw>
<status status="PASS" starttime="20210916 14:37:54.955" endtime="20210916 14:37:54.993"/>
</iter>
<iter>
<var name="${element}">&lt;selenium.webdriver.remote.webelement.WebElement (session="3e0d0abd3648903aa6b3325e99ed8f81", element="a203cbaf-fb04-457e-8b7a-ba376cac61bb")&gt;</var>
<kw name="Log" library="BuiltIn">
<arg>${element.text}</arg>
<doc>Logs the given message with the given level.</doc>
<msg timestamp="20210916 14:37:55.015" level="INFO">Blackberry</msg>
<status status="PASS" starttime="20210916 14:37:54.994" endtime="20210916 14:37:55.015"/>
</kw>
<kw name="Append To List" library="Collections">
<arg>${actualList}</arg>
<arg>${element.text}</arg>
<doc>Adds ``values`` to the end of ``list``.</doc>
<status status="PASS" starttime="20210916 14:37:55.015" endtime="20210916 14:37:55.029"/>
</kw>
<status status="PASS" starttime="20210916 14:37:54.993" endtime="20210916 14:37:55.030"/>
</iter>
<status status="PASS" starttime="20210916 14:37:54.873" endtime="20210916 14:37:55.030"/>
</for>
<kw name="Lists Should Be Equal" library="Collections">
<arg>${expectedList}</arg>
<arg>${actualList}</arg>
<doc>Fails if given lists are unequal.</doc>
<status status="PASS" starttime="20210916 14:37:55.031" endtime="20210916 14:37:55.032"/>
</kw>
<status status="PASS" starttime="20210916 14:37:54.821" endtime="20210916 14:37:55.033"/>
</kw>
<kw name="Select the Card">
<arg>Nokia Edge</arg>
<kw name="Get WebElements" library="SeleniumLibrary">
<var>${elements}</var>
<arg>css:.card-title</arg>
<doc>Returns a list of WebElement objects matching the ``locator``.</doc>
<msg timestamp="20210916 14:37:55.043" level="INFO">${elements} = [&lt;selenium.webdriver.remote.webelement.WebElement (session="3e0d0abd3648903aa6b3325e99ed8f81", element="dd860da6-5d9a-4852-a6af-b386874f7750")&gt;, &lt;selenium.webdriver.remote.webelement.WebElement (sessi...</msg>
<status status="PASS" starttime="20210916 14:37:55.034" endtime="20210916 14:37:55.043"/>
</kw>
<kw name="Set Variable" library="BuiltIn">
<var>${index}</var>
<arg>1</arg>
<doc>Returns the given values which can then be assigned to a variables.</doc>
<msg timestamp="20210916 14:37:55.044" level="INFO">${index} = 1</msg>
<status status="PASS" starttime="20210916 14:37:55.043" endtime="20210916 14:37:55.044"/>
</kw>
<for flavor="IN">
<var>${element}</var>
<value>@{elements}</value>
<iter>
<var name="${element}">&lt;selenium.webdriver.remote.webelement.WebElement (session="3e0d0abd3648903aa6b3325e99ed8f81", element="dd860da6-5d9a-4852-a6af-b386874f7750")&gt;</var>
<kw name="Exit For Loop If" library="BuiltIn">
<arg>'${cardName}' == '${element.text}'</arg>
<doc>Stops executing the enclosing for loop if the ``condition`` is true.</doc>
<status status="PASS" starttime="20210916 14:37:55.046" endtime="20210916 14:37:55.059"/>
</kw>
<kw name="Evaluate" library="BuiltIn">
<var>${index}</var>
<arg>${index} + 1</arg>
<doc>Evaluates the given expression in Python and returns the result.</doc>
<msg timestamp="20210916 14:37:55.061" level="INFO">${index} = 2</msg>
<status status="PASS" starttime="20210916 14:37:55.060" endtime="20210916 14:37:55.061"/>
</kw>
<status status="PASS" starttime="20210916 14:37:55.045" endtime="20210916 14:37:55.061"/>
</iter>
<iter>
<var name="${element}">&lt;selenium.webdriver.remote.webelement.WebElement (session="3e0d0abd3648903aa6b3325e99ed8f81", element="85f5f1ea-991e-45ac-9665-10f20914e89d")&gt;</var>
<kw name="Exit For Loop If" library="BuiltIn">
<arg>'${cardName}' == '${element.text}'</arg>
<doc>Stops executing the enclosing for loop if the ``condition`` is true.</doc>
<status status="PASS" starttime="20210916 14:37:55.062" endtime="20210916 14:37:55.074"/>
</kw>
<kw name="Evaluate" library="BuiltIn">
<var>${index}</var>
<arg>${index} + 1</arg>
<doc>Evaluates the given expression in Python and returns the result.</doc>
<msg timestamp="20210916 14:37:55.075" level="INFO">${index} = 3</msg>
<status status="PASS" starttime="20210916 14:37:55.074" endtime="20210916 14:37:55.075"/>
</kw>
<status status="PASS" starttime="20210916 14:37:55.061" endtime="20210916 14:37:55.075"/>
</iter>
<iter>
<var name="${element}">&lt;selenium.webdriver.remote.webelement.WebElement (session="3e0d0abd3648903aa6b3325e99ed8f81", element="a6602c19-8014-4e1a-b4f2-3439e448c0c1")&gt;</var>
<kw name="Exit For Loop If" library="BuiltIn">
<arg>'${cardName}' == '${element.text}'</arg>
<doc>Stops executing the enclosing for loop if the ``condition`` is true.</doc>
<msg timestamp="20210916 14:37:55.085" level="INFO">Exiting for loop altogether.</msg>
<status status="PASS" starttime="20210916 14:37:55.075" endtime="20210916 14:37:55.085"/>
</kw>
<status status="PASS" starttime="20210916 14:37:55.075" endtime="20210916 14:37:55.086"/>
</iter>
<status status="PASS" starttime="20210916 14:37:55.044" endtime="20210916 14:37:55.086"/>
</for>
<kw name="Click Button" library="SeleniumLibrary">
<arg>xpath:(//*[@class='card-footer'])[${index}]/button</arg>
<doc>Clicks the button identified by ``locator``.</doc>
<msg timestamp="20210916 14:37:55.092" level="INFO">Clicking button 'xpath:(//*[@class='card-footer'])[3]/button'.</msg>
<status status="PASS" starttime="20210916 14:37:55.091" endtime="20210916 14:37:55.173"/>
</kw>
<status status="PASS" starttime="20210916 14:37:55.033" endtime="20210916 14:37:55.173"/>
</kw>
<kw name="Close Browser session" library="Generic" type="TEARDOWN">
<kw name="Close Browser" library="SeleniumLibrary">
<doc>Closes the current browser.</doc>
<status status="PASS" starttime="20210916 14:37:55.175" endtime="20210916 14:37:55.259"/>
</kw>
<status status="PASS" starttime="20210916 14:37:55.174" endtime="20210916 14:37:55.260"/>
</kw>
<status status="PASS" starttime="20210916 14:37:45.877" endtime="20210916 14:37:55.260"/>
</test>
<test id="s1-s2-t3" name="Select the Form and navigate to Child window">
<kw name="open the browser with the Mortgage payment url" library="Generic" type="SETUP">
<kw name="Create Webdriver" library="SeleniumLibrary">
<arg>Chrome</arg>
<arg>executable_path=/Users/rahulshetty/Documents/chromedriver</arg>
<doc>Creates an instance of Selenium WebDriver.</doc>
<msg timestamp="20210916 14:37:55.265" level="INFO">Creating an instance of the Chrome WebDriver.</msg>
<status status="PASS" starttime="20210916 14:37:55.264" endtime="20210916 14:37:57.722"/>
</kw>
<kw name="Go To" library="SeleniumLibrary">
<arg>${url}</arg>
<doc>Navigates the current browser window to the provided ``url``.</doc>
<msg timestamp="20210916 14:37:57.724" level="INFO">Opening url 'https://rahulshettyacademy.com/loginpagePractise/'</msg>
<status status="PASS" starttime="20210916 14:37:57.723" endtime="20210916 14:37:58.628"/>
</kw>
<status status="PASS" starttime="20210916 14:37:55.264" endtime="20210916 14:37:58.629"/>
</kw>
<kw name="Fill the Login Details and Login Form">
<kw name="Input Text" library="SeleniumLibrary">
<arg>id:username</arg>
<arg>rahulshettyacademy</arg>
<doc>Types the given ``text`` into the text field identified by ``locator``.</doc>
<msg timestamp="20210916 14:37:58.630" level="INFO">Typing text 'rahulshettyacademy' into text field 'id:username'.</msg>
<status status="PASS" starttime="20210916 14:37:58.630" endtime="20210916 14:37:58.796"/>
</kw>
<kw name="Input Password" library="SeleniumLibrary">
<arg>id:password</arg>
<arg>learning</arg>
<doc>Types the given password into the text field identified by ``locator``.</doc>
<msg timestamp="20210916 14:37:58.797" level="INFO">Typing password into text field 'id:password'.</msg>
<msg timestamp="20210916 14:37:58.840" level="INFO">Temporally setting log level to: NONE</msg>
<msg timestamp="20210916 14:37:58.892" level="INFO">Log level changed from NONE to INFO.</msg>
<status status="PASS" starttime="20210916 14:37:58.797" endtime="20210916 14:37:58.892"/>
</kw>
<kw name="Click Element" library="SeleniumLibrary">
<arg>css:input[value='user']</arg>
<doc>Click the element identified by ``locator``.</doc>
<msg timestamp="20210916 14:37:58.893" level="INFO">Clicking element 'css:input[value='user']'.</msg>
<status status="PASS" starttime="20210916 14:37:58.893" endtime="20210916 14:37:58.976"/>
</kw>
<kw name="Wait Until Element Is Visible" library="SeleniumLibrary">
<arg>css:.modal-body</arg>
<doc>Waits until the element ``locator`` is visible.</doc>
<status status="PASS" starttime="20210916 14:37:58.976" endtime="20210916 14:37:59.221"/>
</kw>
<kw name="Click Button" library="SeleniumLibrary">
<arg>id:okayBtn</arg>
<doc>Clicks the button identified by ``locator``.</doc>
<msg timestamp="20210916 14:37:59.222" level="INFO">Clicking button 'id:okayBtn'.</msg>
<status status="PASS" starttime="20210916 14:37:59.221" endtime="20210916 14:37:59.276"/>
</kw>
<kw name="Click Button" library="SeleniumLibrary">
<arg>id:okayBtn</arg>
<doc>Clicks the button identified by ``locator``.</doc>
<msg timestamp="20210916 14:37:59.277" level="INFO">Clicking button 'id:okayBtn'.</msg>
<status status="PASS" starttime="20210916 14:37:59.276" endtime="20210916 14:37:59.322"/>
</kw>
<kw name="Wait Until Element Is Not Visible" library="SeleniumLibrary">
<arg>css:.modal-body</arg>
<doc>Waits until the element ``locator`` is not visible.</doc>
<status status="PASS" starttime="20210916 14:37:59.322" endtime="20210916 14:37:59.552"/>
</kw>
<kw name="Select From List By Value" library="SeleniumLibrary">
<arg>css:select.form-control</arg>
<arg>teach</arg>
<doc>Selects options from selection list ``locator`` by ``values``.</doc>
<msg timestamp="20210916 14:37:59.553" level="INFO">Selecting options from selection list 'css:select.form-control' by value teach.</msg>
<status status="PASS" starttime="20210916 14:37:59.553" endtime="20210916 14:37:59.614"/>
</kw>
<kw name="Select Checkbox" library="SeleniumLibrary">
<arg>terms</arg>
<doc>Selects the checkbox identified by ``locator``.</doc>
<msg timestamp="20210916 14:37:59.615" level="INFO">Selecting checkbox 'terms'.</msg>
<status status="PASS" starttime="20210916 14:37:59.615" endtime="20210916 14:37:59.672"/>
</kw>
<kw name="Checkbox Should Be Selected" library="SeleniumLibrary">
<arg>terms</arg>
<doc>Verifies checkbox ``locator`` is selected/checked.</doc>
<msg timestamp="20210916 14:37:59.673" level="INFO">Verifying checkbox 'terms' is selected.</msg>
<status status="PASS" starttime="20210916 14:37:59.673" endtime="20210916 14:37:59.688"/>
</kw>
<status status="PASS" starttime="20210916 14:37:58.629" endtime="20210916 14:37:59.688"/>
</kw>
<kw name="Close Browser session" library="Generic" type="TEARDOWN">
<kw name="Close Browser" library="SeleniumLibrary">
<doc>Closes the current browser.</doc>
<status status="PASS" starttime="20210916 14:37:59.689" endtime="20210916 14:37:59.811"/>
</kw>
<status status="PASS" starttime="20210916 14:37:59.689" endtime="20210916 14:37:59.811"/>
</kw>
<status status="PASS" starttime="20210916 14:37:55.262" endtime="20210916 14:37:59.811"/>
</test>
<doc>To validate the Login form</doc>
<status status="PASS" starttime="20210916 14:37:37.947" endtime="20210916 14:37:59.813"/>
</suite>
<suite id="s1-s3" name="testDemo3" source="/Users/rahulshetty/pythonProjects/RobotFramework/tests/testDemo3.robot">
<test id="s1-s3-t1" name="Validate Child window Functionality">
<kw name="open the browser with the Mortgage payment url" library="Generic" type="SETUP">
<kw name="Create Webdriver" library="SeleniumLibrary">
<arg>Chrome</arg>
<arg>executable_path=/Users/rahulshetty/Documents/chromedriver</arg>
<doc>Creates an instance of Selenium WebDriver.</doc>
<msg timestamp="20210916 14:37:38.186" level="INFO">Creating an instance of the Chrome WebDriver.</msg>
<status status="PASS" starttime="20210916 14:37:38.185" endtime="20210916 14:37:42.007"/>
</kw>
<kw name="Go To" library="SeleniumLibrary">
<arg>${url}</arg>
<doc>Navigates the current browser window to the provided ``url``.</doc>
<msg timestamp="20210916 14:37:42.009" level="INFO">Opening url 'https://rahulshettyacademy.com/loginpagePractise/'</msg>
<status status="PASS" starttime="20210916 14:37:42.008" endtime="20210916 14:37:43.112"/>
</kw>
<status status="PASS" starttime="20210916 14:37:38.185" endtime="20210916 14:37:43.113"/>
</kw>
<kw name="Select the link of Child window">
<kw name="Click Element" library="SeleniumLibrary">
<arg>css:.blinkingText</arg>
<doc>Click the element identified by ``locator``.</doc>
<msg timestamp="20210916 14:37:43.116" level="INFO">Clicking element 'css:.blinkingText'.</msg>
<status status="PASS" starttime="20210916 14:37:43.114" endtime="20210916 14:37:43.439"/>
</kw>
<kw name="Sleep" library="BuiltIn">
<arg>5</arg>
<doc>Pauses the test executed for the given time.</doc>
<msg timestamp="20210916 14:37:48.441" level="INFO">Slept 5 seconds</msg>
<status status="PASS" starttime="20210916 14:37:43.440" endtime="20210916 14:37:48.441"/>
</kw>
<status status="PASS" starttime="20210916 14:37:43.113" endtime="20210916 14:37:48.442"/>
</kw>
<kw name="Verify the user is Switched to Child window">
<kw name="Switch Window" library="SeleniumLibrary">
<arg>NEW</arg>
<doc>Switches to browser window matching ``locator``.</doc>
<status status="PASS" starttime="20210916 14:37:48.443" endtime="20210916 14:37:48.458"/>
</kw>
<kw name="Element Text Should Be" library="SeleniumLibrary">
<arg>css:h1</arg>
<arg>DOCUMENTS REQUEST</arg>
<doc>Verifies that element ``locator`` contains exact the text ``expected``.</doc>
<msg timestamp="20210916 14:37:48.460" level="INFO">Verifying element 'css:h1' contains exact text 'DOCUMENTS REQUEST'.</msg>
<status status="PASS" starttime="20210916 14:37:48.459" endtime="20210916 14:37:48.511"/>
</kw>
<status status="PASS" starttime="20210916 14:37:48.442" endtime="20210916 14:37:48.512"/>
</kw>
<kw name="Grab the Email id in the Child Window">
<kw name="Get Text" library="SeleniumLibrary">
<var>${text}</var>
<arg>css:.red</arg>
<doc>Returns the text value of the element identified by ``locator``.</doc>
<msg timestamp="20210916 14:37:48.538" level="INFO">${text} = Please email us at mentor@rahulshettyacademy.com with below template to receive response</msg>
<status status="PASS" starttime="20210916 14:37:48.513" endtime="20210916 14:37:48.538"/>
</kw>
<kw name="Split String" library="String">
<var>@{words}</var>
<arg>${text}</arg>
<arg>at</arg>
<doc>Splits the ``string`` using ``separator`` as a delimiter string.</doc>
<msg timestamp="20210916 14:37:48.540" level="INFO">@{words} = [ Please email us  |  mentor@rahulshettyacademy.com with below templ | e to receive response ]</msg>
<status status="PASS" starttime="20210916 14:37:48.539" endtime="20210916 14:37:48.540"/>
</kw>
<kw name="Get From List" library="Collections">
<var>${text_split}</var>
<arg>${words}</arg>
<arg>1</arg>
<doc>Returns the value specified with an ``index`` from ``list``.</doc>
<msg timestamp="20210916 14:37:48.541" level="INFO">${text_split} =  mentor@rahulshettyacademy.com with below templ</msg>
<status status="PASS" starttime="20210916 14:37:48.540" endtime="20210916 14:37:48.541"/>
</kw>
<kw name="Log" library="BuiltIn">
<arg>${text_split}</arg>
<doc>Logs the given message with the given level.</doc>
<msg timestamp="20210916 14:37:48.542" level="INFO"> mentor@rahulshettyacademy.com with below templ</msg>
<status status="PASS" starttime="20210916 14:37:48.542" endtime="20210916 14:37:48.543"/>
</kw>
<kw name="Split String" library="String">
<var>@{words_2}</var>
<arg>${text_split}</arg>
<doc>Splits the ``string`` using ``separator`` as a delimiter string.</doc>
<msg timestamp="20210916 14:37:48.543" level="INFO">@{words_2} = [ mentor@rahulshettyacademy.com | with | below | templ ]</msg>
<status status="PASS" starttime="20210916 14:37:48.543" endtime="20210916 14:37:48.543"/>
</kw>
<kw name="Get From List" library="Collections">
<var>${email}</var>
<arg>${words_2}</arg>
<arg>0</arg>
<doc>Returns the value specified with an ``index`` from ``list``.</doc>
<msg timestamp="20210916 14:37:48.544" level="INFO">${email} = mentor@rahulshettyacademy.com</msg>
<status status="PASS" starttime="20210916 14:37:48.544" endtime="20210916 14:37:48.544"/>
</kw>
<kw name="Set Global Variable" library="BuiltIn">
<arg>${email}</arg>
<doc>Makes a variable available globally in all tests and suites.</doc>
<msg timestamp="20210916 14:37:48.545" level="INFO">${email} = mentor@rahulshettyacademy.com</msg>
<status status="PASS" starttime="20210916 14:37:48.544" endtime="20210916 14:37:48.545"/>
</kw>
<status status="PASS" starttime="20210916 14:37:48.512" endtime="20210916 14:37:48.546"/>
</kw>
<kw name="Switch to Parent window and enter the Email">
<kw name="Switch Window" library="SeleniumLibrary">
<arg>MAIN</arg>
<doc>Switches to browser window matching ``locator``.</doc>
<status status="PASS" starttime="20210916 14:37:48.547" endtime="20210916 14:37:48.564"/>
</kw>
<kw name="Title Should Be" library="SeleniumLibrary">
<arg>LoginPage Practise | Rahul Shetty Academy</arg>
<doc>Verifies that the current page title equals ``title``.</doc>
<msg timestamp="20210916 14:37:48.655" level="INFO">Page title is 'LoginPage Practise | Rahul Shetty Academy'.</msg>
<status status="PASS" starttime="20210916 14:37:48.565" endtime="20210916 14:37:48.655"/>
</kw>
<kw name="Input Text" library="SeleniumLibrary">
<arg>id:username</arg>
<arg>${email}</arg>
<doc>Types the given ``text`` into the text field identified by ``locator``.</doc>
<msg timestamp="20210916 14:37:48.656" level="INFO">Typing text 'mentor@rahulshettyacademy.com' into text field 'id:username'.</msg>
<status status="PASS" starttime="20210916 14:37:48.655" endtime="20210916 14:37:49.007"/>
</kw>
<status status="PASS" starttime="20210916 14:37:48.546" endtime="20210916 14:37:49.008"/>
</kw>
<tag>NEWFEATURE</tag>
<status status="PASS" starttime="20210916 14:37:38.184" endtime="20210916 14:37:49.009"/>
</test>
<doc>To validate the Login form</doc>
<status status="PASS" starttime="20210916 14:37:37.945" endtime="20210916 14:37:49.033"/>
</suite>
<suite id="s1-s4" name="testDemo4" source="/Users/rahulshetty/pythonProjects/RobotFramework/tests/testDemo4.robot">
<test id="s1-s4-t1" name="Invalid username">
<kw name="Validate UnSuccesful Login">
<arg>dsahed</arg>
<arg>learning</arg>
<kw name="open the browser with the Mortgage payment url">
<kw name="Create Webdriver" library="SeleniumLibrary">
<arg>Chrome</arg>
<arg>executable_path=/Users/rahulshetty/Documents/chromedriver</arg>
<doc>Creates an instance of Selenium WebDriver.</doc>
<msg timestamp="20210916 14:37:38.168" level="INFO">Creating an instance of the Chrome WebDriver.</msg>
<status status="PASS" starttime="20210916 14:37:38.167" endtime="20210916 14:37:41.864"/>
</kw>
<kw name="Go To" library="SeleniumLibrary">
<arg>https://rahulshettyacademy.com/loginpagePractise/</arg>
<doc>Navigates the current browser window to the provided ``url``.</doc>
<msg timestamp="20210916 14:37:41.868" level="INFO">Opening url 'https://rahulshettyacademy.com/loginpagePractise/'</msg>
<status status="PASS" starttime="20210916 14:37:41.866" endtime="20210916 14:37:43.126"/>
</kw>
<status status="PASS" starttime="20210916 14:37:38.166" endtime="20210916 14:37:43.127"/>
</kw>
<kw name="Fill the login Form">
<arg>${username}</arg>
<arg>${password}</arg>
<kw name="Input Text" library="SeleniumLibrary">
<arg>id:username</arg>
<arg>${username}</arg>
<doc>Types the given ``text`` into the text field identified by ``locator``.</doc>
<msg timestamp="20210916 14:37:43.130" level="INFO">Typing text 'dsahed' into text field 'id:username'.</msg>
<status status="PASS" starttime="20210916 14:37:43.129" endtime="20210916 14:37:43.435"/>
</kw>
<kw name="Input Password" library="SeleniumLibrary">
<arg>id:password</arg>
<arg>${password}</arg>
<doc>Types the given password into the text field identified by ``locator``.</doc>
<msg timestamp="20210916 14:37:43.437" level="INFO">Typing password into text field 'id:password'.</msg>
<msg timestamp="20210916 14:37:43.507" level="INFO">Temporally setting log level to: NONE</msg>
<msg timestamp="20210916 14:37:43.595" level="INFO">Log level changed from NONE to INFO.</msg>
<status status="PASS" starttime="20210916 14:37:43.436" endtime="20210916 14:37:43.595"/>
</kw>
<kw name="Click Button" library="SeleniumLibrary">
<arg>signInBtn</arg>
<doc>Clicks the button identified by ``locator``.</doc>
<msg timestamp="20210916 14:37:43.596" level="INFO">Clicking button 'signInBtn'.</msg>
<status status="PASS" starttime="20210916 14:37:43.596" endtime="20210916 14:37:43.715"/>
</kw>
<status status="PASS" starttime="20210916 14:37:43.128" endtime="20210916 14:37:43.716"/>
</kw>
<kw name="wait until it checks and display error message">
<kw name="Wait Until Element Is Visible" library="SeleniumLibrary">
<arg>${Error_Message_Login}</arg>
<doc>Waits until the element ``locator`` is visible.</doc>
<status status="PASS" starttime="20210916 14:37:43.717" endtime="20210916 14:37:45.711"/>
</kw>
<status status="PASS" starttime="20210916 14:37:43.716" endtime="20210916 14:37:45.711"/>
</kw>
<kw name="verify error message is correct">
<kw name="Get Text" library="SeleniumLibrary">
<var>${result}</var>
<arg>${Error_Message_Login}</arg>
<doc>Returns the text value of the element identified by ``locator``.</doc>
<msg timestamp="20210916 14:37:45.741" level="INFO">${result} = Incorrect username/password.</msg>
<status status="PASS" starttime="20210916 14:37:45.712" endtime="20210916 14:37:45.742"/>
</kw>
<kw name="Should Be Equal As Strings" library="BuiltIn">
<arg>${result}</arg>
<arg>Incorrect username/password.</arg>
<doc>Fails if objects are unequal after converting them to strings.</doc>
<status status="PASS" starttime="20210916 14:37:45.742" endtime="20210916 14:37:45.743"/>
</kw>
<kw name="Element Text Should Be" library="SeleniumLibrary">
<arg>${Error_Message_Login}</arg>
<arg>Incorrect username/password.</arg>
<doc>Verifies that element ``locator`` contains exact the text ``expected``.</doc>
<msg timestamp="20210916 14:37:45.745" level="INFO">Verifying element 'css:.alert-danger' contains exact text 'Incorrect username/password.'.</msg>
<status status="PASS" starttime="20210916 14:37:45.744" endtime="20210916 14:37:45.767"/>
</kw>
<status status="PASS" starttime="20210916 14:37:45.712" endtime="20210916 14:37:45.767"/>
</kw>
<status status="PASS" starttime="20210916 14:37:38.165" endtime="20210916 14:37:45.767"/>
</kw>
<kw name="Close Browser" library="SeleniumLibrary" type="TEARDOWN">
<doc>Closes the current browser.</doc>
<status status="PASS" starttime="20210916 14:37:45.768" endtime="20210916 14:37:45.909"/>
</kw>
<status status="PASS" starttime="20210916 14:37:38.164" endtime="20210916 14:37:45.909"/>
</test>
<test id="s1-s4-t2" name="Invalid password">
<kw name="Validate UnSuccesful Login">
<arg>rahulshetty</arg>
<arg>ploudfg</arg>
<kw name="open the browser with the Mortgage payment url">
<kw name="Create Webdriver" library="SeleniumLibrary">
<arg>Chrome</arg>
<arg>executable_path=/Users/rahulshetty/Documents/chromedriver</arg>
<doc>Creates an instance of Selenium WebDriver.</doc>
<msg timestamp="20210916 14:37:45.914" level="INFO">Creating an instance of the Chrome WebDriver.</msg>
<status status="PASS" starttime="20210916 14:37:45.913" endtime="20210916 14:37:49.005"/>
</kw>
<kw name="Go To" library="SeleniumLibrary">
<arg>https://rahulshettyacademy.com/loginpagePractise/</arg>
<doc>Navigates the current browser window to the provided ``url``.</doc>
<msg timestamp="20210916 14:37:49.008" level="INFO">Opening url 'https://rahulshettyacademy.com/loginpagePractise/'</msg>
<status status="PASS" starttime="20210916 14:37:49.007" endtime="20210916 14:37:50.667"/>
</kw>
<status status="PASS" starttime="20210916 14:37:45.913" endtime="20210916 14:37:50.667"/>
</kw>
<kw name="Fill the login Form">
<arg>${username}</arg>
<arg>${password}</arg>
<kw name="Input Text" library="SeleniumLibrary">
<arg>id:username</arg>
<arg>${username}</arg>
<doc>Types the given ``text`` into the text field identified by ``locator``.</doc>
<msg timestamp="20210916 14:37:50.670" level="INFO">Typing text 'rahulshetty' into text field 'id:username'.</msg>
<status status="PASS" starttime="20210916 14:37:50.669" endtime="20210916 14:37:50.808"/>
</kw>
<kw name="Input Password" library="SeleniumLibrary">
<arg>id:password</arg>
<arg>${password}</arg>
<doc>Types the given password into the text field identified by ``locator``.</doc>
<msg timestamp="20210916 14:37:50.809" level="INFO">Typing password into text field 'id:password'.</msg>
<msg timestamp="20210916 14:37:50.843" level="INFO">Temporally setting log level to: NONE</msg>
<msg timestamp="20210916 14:37:50.892" level="INFO">Log level changed from NONE to INFO.</msg>
<status status="PASS" starttime="20210916 14:37:50.808" endtime="20210916 14:37:50.893"/>
</kw>
<kw name="Click Button" library="SeleniumLibrary">
<arg>signInBtn</arg>
<doc>Clicks the button identified by ``locator``.</doc>
<msg timestamp="20210916 14:37:50.893" level="INFO">Clicking button 'signInBtn'.</msg>
<status status="PASS" starttime="20210916 14:37:50.893" endtime="20210916 14:37:50.948"/>
</kw>
<status status="PASS" starttime="20210916 14:37:50.668" endtime="20210916 14:37:50.949"/>
</kw>
<kw name="wait until it checks and display error message">
<kw name="Wait Until Element Is Visible" library="SeleniumLibrary">
<arg>${Error_Message_Login}</arg>
<doc>Waits until the element ``locator`` is visible.</doc>
<status status="PASS" starttime="20210916 14:37:50.950" endtime="20210916 14:37:52.948"/>
</kw>
<status status="PASS" starttime="20210916 14:37:50.949" endtime="20210916 14:37:52.949"/>
</kw>
<kw name="verify error message is correct">
<kw name="Get Text" library="SeleniumLibrary">
<var>${result}</var>
<arg>${Error_Message_Login}</arg>
<doc>Returns the text value of the element identified by ``locator``.</doc>
<msg timestamp="20210916 14:37:52.973" level="INFO">${result} = Incorrect username/password.</msg>
<status status="PASS" starttime="20210916 14:37:52.950" endtime="20210916 14:37:52.983"/>
</kw>
<kw name="Should Be Equal As Strings" library="BuiltIn">
<arg>${result}</arg>
<arg>Incorrect username/password.</arg>
<doc>Fails if objects are unequal after converting them to strings.</doc>
<status status="PASS" starttime="20210916 14:37:52.984" endtime="20210916 14:37:52.985"/>
</kw>
<kw name="Element Text Should Be" library="SeleniumLibrary">
<arg>${Error_Message_Login}</arg>
<arg>Incorrect username/password.</arg>
<doc>Verifies that element ``locator`` contains exact the text ``expected``.</doc>
<msg timestamp="20210916 14:37:52.986" level="INFO">Verifying element 'css:.alert-danger' contains exact text 'Incorrect username/password.'.</msg>
<status status="PASS" starttime="20210916 14:37:52.985" endtime="20210916 14:37:52.998"/>
</kw>
<status status="PASS" starttime="20210916 14:37:52.949" endtime="20210916 14:37:52.999"/>
</kw>
<status status="PASS" starttime="20210916 14:37:45.912" endtime="20210916 14:37:52.999"/>
</kw>
<kw name="Close Browser" library="SeleniumLibrary" type="TEARDOWN">
<doc>Closes the current browser.</doc>
<status status="PASS" starttime="20210916 14:37:53.000" endtime="20210916 14:37:53.082"/>
</kw>
<status status="PASS" starttime="20210916 14:37:45.911" endtime="20210916 14:37:53.082"/>
</test>
<test id="s1-s4-t3" name="special characters">
<kw name="Validate UnSuccesful Login">
<arg>@#$</arg>
<arg>learning</arg>
<kw name="open the browser with the Mortgage payment url">
<kw name="Create Webdriver" library="SeleniumLibrary">
<arg>Chrome</arg>
<arg>executable_path=/Users/rahulshetty/Documents/chromedriver</arg>
<doc>Creates an instance of Selenium WebDriver.</doc>
<msg timestamp="20210916 14:37:53.086" level="INFO">Creating an instance of the Chrome WebDriver.</msg>
<status status="PASS" starttime="20210916 14:37:53.085" endtime="20210916 14:37:55.852"/>
</kw>
<kw name="Go To" library="SeleniumLibrary">
<arg>https://rahulshettyacademy.com/loginpagePractise/</arg>
<doc>Navigates the current browser window to the provided ``url``.</doc>
<msg timestamp="20210916 14:37:55.854" level="INFO">Opening url 'https://rahulshettyacademy.com/loginpagePractise/'</msg>
<status status="PASS" starttime="20210916 14:37:55.853" endtime="20210916 14:37:56.932"/>
</kw>
<status status="PASS" starttime="20210916 14:37:53.085" endtime="20210916 14:37:56.932"/>
</kw>
<kw name="Fill the login Form">
<arg>${username}</arg>
<arg>${password}</arg>
<kw name="Input Text" library="SeleniumLibrary">
<arg>id:username</arg>
<arg>${username}</arg>
<doc>Types the given ``text`` into the text field identified by ``locator``.</doc>
<msg timestamp="20210916 14:37:56.936" level="INFO">Typing text '@#$' into text field 'id:username'.</msg>
<status status="PASS" starttime="20210916 14:37:56.934" endtime="20210916 14:37:57.109"/>
</kw>
<kw name="Input Password" library="SeleniumLibrary">
<arg>id:password</arg>
<arg>${password}</arg>
<doc>Types the given password into the text field identified by ``locator``.</doc>
<msg timestamp="20210916 14:37:57.111" level="INFO">Typing password into text field 'id:password'.</msg>
<msg timestamp="20210916 14:37:57.154" level="INFO">Temporally setting log level to: NONE</msg>
<msg timestamp="20210916 14:37:57.214" level="INFO">Log level changed from NONE to INFO.</msg>
<status status="PASS" starttime="20210916 14:37:57.110" endtime="20210916 14:37:57.214"/>
</kw>
<kw name="Click Button" library="SeleniumLibrary">
<arg>signInBtn</arg>
<doc>Clicks the button identified by ``locator``.</doc>
<msg timestamp="20210916 14:37:57.215" level="INFO">Clicking button 'signInBtn'.</msg>
<status status="PASS" starttime="20210916 14:37:57.214" endtime="20210916 14:37:57.320"/>
</kw>
<status status="PASS" starttime="20210916 14:37:56.933" endtime="20210916 14:37:57.321"/>
</kw>
<kw name="wait until it checks and display error message">
<kw name="Wait Until Element Is Visible" library="SeleniumLibrary">
<arg>${Error_Message_Login}</arg>
<doc>Waits until the element ``locator`` is visible.</doc>
<status status="PASS" starttime="20210916 14:37:57.322" endtime="20210916 14:37:59.303"/>
</kw>
<status status="PASS" starttime="20210916 14:37:57.321" endtime="20210916 14:37:59.304"/>
</kw>
<kw name="verify error message is correct">
<kw name="Get Text" library="SeleniumLibrary">
<var>${result}</var>
<arg>${Error_Message_Login}</arg>
<doc>Returns the text value of the element identified by ``locator``.</doc>
<msg timestamp="20210916 14:37:59.326" level="INFO">${result} = Incorrect username/password.</msg>
<status status="PASS" starttime="20210916 14:37:59.305" endtime="20210916 14:37:59.326"/>
</kw>
<kw name="Should Be Equal As Strings" library="BuiltIn">
<arg>${result}</arg>
<arg>Incorrect username/password.</arg>
<doc>Fails if objects are unequal after converting them to strings.</doc>
<status status="PASS" starttime="20210916 14:37:59.327" endtime="20210916 14:37:59.327"/>
</kw>
<kw name="Element Text Should Be" library="SeleniumLibrary">
<arg>${Error_Message_Login}</arg>
<arg>Incorrect username/password.</arg>
<doc>Verifies that element ``locator`` contains exact the text ``expected``.</doc>
<msg timestamp="20210916 14:37:59.328" level="INFO">Verifying element 'css:.alert-danger' contains exact text 'Incorrect username/password.'.</msg>
<status status="PASS" starttime="20210916 14:37:59.328" endtime="20210916 14:37:59.343"/>
</kw>
<status status="PASS" starttime="20210916 14:37:59.304" endtime="20210916 14:37:59.343"/>
</kw>
<status status="PASS" starttime="20210916 14:37:53.084" endtime="20210916 14:37:59.343"/>
</kw>
<kw name="Close Browser" library="SeleniumLibrary" type="TEARDOWN">
<doc>Closes the current browser.</doc>
<status status="PASS" starttime="20210916 14:37:59.344" endtime="20210916 14:37:59.429"/>
</kw>
<status status="PASS" starttime="20210916 14:37:53.083" endtime="20210916 14:37:59.429"/>
</test>
<doc>To validate the Login form</doc>
<status status="PASS" starttime="20210916 14:37:37.951" endtime="20210916 14:37:59.431"/>
</suite>
<suite id="s1-s5" name="testDemo5" source="/Users/rahulshetty/pythonProjects/RobotFramework/tests/testDemo5.robot">
<test id="s1-s5-t1" name="Invalid username">
<kw name="Validate UnSuccesful Login">
<arg>dsahed</arg>
<arg>learning</arg>
<kw name="open the browser with the Mortgage payment url">
<kw name="Create Webdriver" library="SeleniumLibrary">
<arg>Chrome</arg>
<arg>executable_path=/Users/rahulshetty/Documents/chromedriver</arg>
<doc>Creates an instance of Selenium WebDriver.</doc>
<msg timestamp="20210916 14:37:38.196" level="INFO">Creating an instance of the Chrome WebDriver.</msg>
<status status="PASS" starttime="20210916 14:37:38.196" endtime="20210916 14:37:41.821"/>
</kw>
<kw name="Go To" library="SeleniumLibrary">
<arg>https://rahulshettyacademy.com/loginpagePractise/</arg>
<doc>Navigates the current browser window to the provided ``url``.</doc>
<msg timestamp="20210916 14:37:41.823" level="INFO">Opening url 'https://rahulshettyacademy.com/loginpagePractise/'</msg>
<status status="PASS" starttime="20210916 14:37:41.822" endtime="20210916 14:37:43.056"/>
</kw>
<status status="PASS" starttime="20210916 14:37:38.195" endtime="20210916 14:37:43.057"/>
</kw>
<kw name="Fill the login Form">
<arg>${username}</arg>
<arg>${password}</arg>
<kw name="Input Text" library="SeleniumLibrary">
<arg>id:username</arg>
<arg>${username}</arg>
<doc>Types the given ``text`` into the text field identified by ``locator``.</doc>
<msg timestamp="20210916 14:37:43.061" level="INFO">Typing text 'dsahed' into text field 'id:username'.</msg>
<status status="PASS" starttime="20210916 14:37:43.060" endtime="20210916 14:37:43.320"/>
</kw>
<kw name="Input Password" library="SeleniumLibrary">
<arg>id:password</arg>
<arg>${password}</arg>
<doc>Types the given password into the text field identified by ``locator``.</doc>
<msg timestamp="20210916 14:37:43.322" level="INFO">Typing password into text field 'id:password'.</msg>
<msg timestamp="20210916 14:37:43.403" level="INFO">Temporally setting log level to: NONE</msg>
<msg timestamp="20210916 14:37:43.494" level="INFO">Log level changed from NONE to INFO.</msg>
<status status="PASS" starttime="20210916 14:37:43.320" endtime="20210916 14:37:43.494"/>
</kw>
<kw name="Click Button" library="SeleniumLibrary">
<arg>signInBtn</arg>
<doc>Clicks the button identified by ``locator``.</doc>
<msg timestamp="20210916 14:37:43.496" level="INFO">Clicking button 'signInBtn'.</msg>
<status status="PASS" starttime="20210916 14:37:43.495" endtime="20210916 14:37:43.630"/>
</kw>
<status status="PASS" starttime="20210916 14:37:43.058" endtime="20210916 14:37:43.631"/>
</kw>
<kw name="wait until it checks and display error message">
<kw name="Wait Until Element Is Visible" library="SeleniumLibrary">
<arg>${Error_Message_Login}</arg>
<doc>Waits until the element ``locator`` is visible.</doc>
<status status="PASS" starttime="20210916 14:37:43.632" endtime="20210916 14:37:45.625"/>
</kw>
<status status="PASS" starttime="20210916 14:37:43.631" endtime="20210916 14:37:45.626"/>
</kw>
<kw name="verify error message is correct">
<kw name="Get Text" library="SeleniumLibrary">
<var>${result}</var>
<arg>${Error_Message_Login}</arg>
<doc>Returns the text value of the element identified by ``locator``.</doc>
<msg timestamp="20210916 14:37:45.651" level="INFO">${result} = Incorrect username/password.</msg>
<status status="PASS" starttime="20210916 14:37:45.627" endtime="20210916 14:37:45.651"/>
</kw>
<kw name="Should Be Equal As Strings" library="BuiltIn">
<arg>${result}</arg>
<arg>Incorrect username/password.</arg>
<doc>Fails if objects are unequal after converting them to strings.</doc>
<status status="PASS" starttime="20210916 14:37:45.652" endtime="20210916 14:37:45.653"/>
</kw>
<kw name="Element Text Should Be" library="SeleniumLibrary">
<arg>${Error_Message_Login}</arg>
<arg>Incorrect username/password.</arg>
<doc>Verifies that element ``locator`` contains exact the text ``expected``.</doc>
<msg timestamp="20210916 14:37:45.655" level="INFO">Verifying element 'css:.alert-danger' contains exact text 'Incorrect username/password.'.</msg>
<status status="PASS" starttime="20210916 14:37:45.654" endtime="20210916 14:37:45.673"/>
</kw>
<status status="PASS" starttime="20210916 14:37:45.626" endtime="20210916 14:37:45.673"/>
</kw>
<status status="PASS" starttime="20210916 14:37:38.194" endtime="20210916 14:37:45.674"/>
</kw>
<kw name="Close Browser" library="SeleniumLibrary" type="TEARDOWN">
<doc>Closes the current browser.</doc>
<status status="PASS" starttime="20210916 14:37:45.675" endtime="20210916 14:37:45.871"/>
</kw>
<status status="PASS" starttime="20210916 14:37:38.192" endtime="20210916 14:37:45.872"/>
</test>
<test id="s1-s5-t2" name="Invalid password">
<kw name="Validate UnSuccesful Login">
<arg>rahulshetty</arg>
<arg>ploudfg</arg>
<kw name="open the browser with the Mortgage payment url">
<kw name="Create Webdriver" library="SeleniumLibrary">
<arg>Chrome</arg>
<arg>executable_path=/Users/rahulshetty/Documents/chromedriver</arg>
<doc>Creates an instance of Selenium WebDriver.</doc>
<msg timestamp="20210916 14:37:45.881" level="INFO">Creating an instance of the Chrome WebDriver.</msg>
<status status="PASS" starttime="20210916 14:37:45.880" endtime="20210916 14:37:48.940"/>
</kw>
<kw name="Go To" library="SeleniumLibrary">
<arg>https://rahulshettyacademy.com/loginpagePractise/</arg>
<doc>Navigates the current browser window to the provided ``url``.</doc>
<msg timestamp="20210916 14:37:48.942" level="INFO">Opening url 'https://rahulshettyacademy.com/loginpagePractise/'</msg>
<status status="PASS" starttime="20210916 14:37:48.942" endtime="20210916 14:37:50.093"/>
</kw>
<status status="PASS" starttime="20210916 14:37:45.879" endtime="20210916 14:37:50.093"/>
</kw>
<kw name="Fill the login Form">
<arg>${username}</arg>
<arg>${password}</arg>
<kw name="Input Text" library="SeleniumLibrary">
<arg>id:username</arg>
<arg>${username}</arg>
<doc>Types the given ``text`` into the text field identified by ``locator``.</doc>
<msg timestamp="20210916 14:37:50.096" level="INFO">Typing text 'rahulshetty' into text field 'id:username'.</msg>
<status status="PASS" starttime="20210916 14:37:50.095" endtime="20210916 14:37:50.305"/>
</kw>
<kw name="Input Password" library="SeleniumLibrary">
<arg>id:password</arg>
<arg>${password}</arg>
<doc>Types the given password into the text field identified by ``locator``.</doc>
<msg timestamp="20210916 14:37:50.307" level="INFO">Typing password into text field 'id:password'.</msg>
<msg timestamp="20210916 14:37:50.352" level="INFO">Temporally setting log level to: NONE</msg>
<msg timestamp="20210916 14:37:50.415" level="INFO">Log level changed from NONE to INFO.</msg>
<status status="PASS" starttime="20210916 14:37:50.306" endtime="20210916 14:37:50.415"/>
</kw>
<kw name="Click Button" library="SeleniumLibrary">
<arg>signInBtn</arg>
<doc>Clicks the button identified by ``locator``.</doc>
<msg timestamp="20210916 14:37:50.416" level="INFO">Clicking button 'signInBtn'.</msg>
<status status="PASS" starttime="20210916 14:37:50.415" endtime="20210916 14:37:50.515"/>
</kw>
<status status="PASS" starttime="20210916 14:37:50.094" endtime="20210916 14:37:50.515"/>
</kw>
<kw name="wait until it checks and display error message">
<kw name="Wait Until Element Is Visible" library="SeleniumLibrary">
<arg>${Error_Message_Login}</arg>
<doc>Waits until the element ``locator`` is visible.</doc>
<status status="PASS" starttime="20210916 14:37:50.516" endtime="20210916 14:37:52.689"/>
</kw>
<status status="PASS" starttime="20210916 14:37:50.515" endtime="20210916 14:37:52.690"/>
</kw>
<kw name="verify error message is correct">
<kw name="Get Text" library="SeleniumLibrary">
<var>${result}</var>
<arg>${Error_Message_Login}</arg>
<doc>Returns the text value of the element identified by ``locator``.</doc>
<msg timestamp="20210916 14:37:52.709" level="INFO">${result} = Incorrect username/password.</msg>
<status status="PASS" starttime="20210916 14:37:52.690" endtime="20210916 14:37:52.756"/>
</kw>
<kw name="Should Be Equal As Strings" library="BuiltIn">
<arg>${result}</arg>
<arg>Incorrect username/password.</arg>
<doc>Fails if objects are unequal after converting them to strings.</doc>
<status status="PASS" starttime="20210916 14:37:52.756" endtime="20210916 14:37:52.757"/>
</kw>
<kw name="Element Text Should Be" library="SeleniumLibrary">
<arg>${Error_Message_Login}</arg>
<arg>Incorrect username/password.</arg>
<doc>Verifies that element ``locator`` contains exact the text ``expected``.</doc>
<msg timestamp="20210916 14:37:52.758" level="INFO">Verifying element 'css:.alert-danger' contains exact text 'Incorrect username/password.'.</msg>
<status status="PASS" starttime="20210916 14:37:52.757" endtime="20210916 14:37:52.770"/>
</kw>
<status status="PASS" starttime="20210916 14:37:52.690" endtime="20210916 14:37:52.770"/>
</kw>
<status status="PASS" starttime="20210916 14:37:45.878" endtime="20210916 14:37:52.770"/>
</kw>
<kw name="Close Browser" library="SeleniumLibrary" type="TEARDOWN">
<doc>Closes the current browser.</doc>
<status status="PASS" starttime="20210916 14:37:52.771" endtime="20210916 14:37:53.030"/>
</kw>
<status status="PASS" starttime="20210916 14:37:45.873" endtime="20210916 14:37:53.030"/>
</test>
<test id="s1-s5-t3" name="special characters">
<kw name="Validate UnSuccesful Login">
<arg>@#$</arg>
<arg>learning</arg>
<kw name="open the browser with the Mortgage payment url">
<kw name="Create Webdriver" library="SeleniumLibrary">
<arg>Chrome</arg>
<arg>executable_path=/Users/rahulshetty/Documents/chromedriver</arg>
<doc>Creates an instance of Selenium WebDriver.</doc>
<msg timestamp="20210916 14:37:53.036" level="INFO">Creating an instance of the Chrome WebDriver.</msg>
<status status="PASS" starttime="20210916 14:37:53.036" endtime="20210916 14:37:55.840"/>
</kw>
<kw name="Go To" library="SeleniumLibrary">
<arg>https://rahulshettyacademy.com/loginpagePractise/</arg>
<doc>Navigates the current browser window to the provided ``url``.</doc>
<msg timestamp="20210916 14:37:55.842" level="INFO">Opening url 'https://rahulshettyacademy.com/loginpagePractise/'</msg>
<status status="PASS" starttime="20210916 14:37:55.841" endtime="20210916 14:37:56.884"/>
</kw>
<status status="PASS" starttime="20210916 14:37:53.035" endtime="20210916 14:37:56.885"/>
</kw>
<kw name="Fill the login Form">
<arg>${username}</arg>
<arg>${password}</arg>
<kw name="Input Text" library="SeleniumLibrary">
<arg>id:username</arg>
<arg>${username}</arg>
<doc>Types the given ``text`` into the text field identified by ``locator``.</doc>
<msg timestamp="20210916 14:37:56.887" level="INFO">Typing text '@#$' into text field 'id:username'.</msg>
<status status="PASS" starttime="20210916 14:37:56.886" endtime="20210916 14:37:57.097"/>
</kw>
<kw name="Input Password" library="SeleniumLibrary">
<arg>id:password</arg>
<arg>${password}</arg>
<doc>Types the given password into the text field identified by ``locator``.</doc>
<msg timestamp="20210916 14:37:57.099" level="INFO">Typing password into text field 'id:password'.</msg>
<msg timestamp="20210916 14:37:57.151" level="INFO">Temporally setting log level to: NONE</msg>
<msg timestamp="20210916 14:37:57.213" level="INFO">Log level changed from NONE to INFO.</msg>
<status status="PASS" starttime="20210916 14:37:57.098" endtime="20210916 14:37:57.214"/>
</kw>
<kw name="Click Button" library="SeleniumLibrary">
<arg>signInBtn</arg>
<doc>Clicks the button identified by ``locator``.</doc>
<msg timestamp="20210916 14:37:57.214" level="INFO">Clicking button 'signInBtn'.</msg>
<status status="PASS" starttime="20210916 14:37:57.214" endtime="20210916 14:37:57.320"/>
</kw>
<status status="PASS" starttime="20210916 14:37:56.885" endtime="20210916 14:37:57.321"/>
</kw>
<kw name="wait until it checks and display error message">
<kw name="Wait Until Element Is Visible" library="SeleniumLibrary">
<arg>${Error_Message_Login}</arg>
<doc>Waits until the element ``locator`` is visible.</doc>
<status status="PASS" starttime="20210916 14:37:57.322" endtime="20210916 14:37:59.303"/>
</kw>
<status status="PASS" starttime="20210916 14:37:57.321" endtime="20210916 14:37:59.304"/>
</kw>
<kw name="verify error message is correct">
<kw name="Get Text" library="SeleniumLibrary">
<var>${result}</var>
<arg>${Error_Message_Login}</arg>
<doc>Returns the text value of the element identified by ``locator``.</doc>
<msg timestamp="20210916 14:37:59.326" level="INFO">${result} = Incorrect username/password.</msg>
<status status="PASS" starttime="20210916 14:37:59.305" endtime="20210916 14:37:59.326"/>
</kw>
<kw name="Should Be Equal As Strings" library="BuiltIn">
<arg>${result}</arg>
<arg>Incorrect username/password.</arg>
<doc>Fails if objects are unequal after converting them to strings.</doc>
<status status="PASS" starttime="20210916 14:37:59.327" endtime="20210916 14:37:59.327"/>
</kw>
<kw name="Element Text Should Be" library="SeleniumLibrary">
<arg>${Error_Message_Login}</arg>
<arg>Incorrect username/password.</arg>
<doc>Verifies that element ``locator`` contains exact the text ``expected``.</doc>
<msg timestamp="20210916 14:37:59.328" level="INFO">Verifying element 'css:.alert-danger' contains exact text 'Incorrect username/password.'.</msg>
<status status="PASS" starttime="20210916 14:37:59.328" endtime="20210916 14:37:59.343"/>
</kw>
<status status="PASS" starttime="20210916 14:37:59.304" endtime="20210916 14:37:59.343"/>
</kw>
<status status="PASS" starttime="20210916 14:37:53.034" endtime="20210916 14:37:59.343"/>
</kw>
<kw name="Close Browser" library="SeleniumLibrary" type="TEARDOWN">
<doc>Closes the current browser.</doc>
<status status="PASS" starttime="20210916 14:37:59.344" endtime="20210916 14:37:59.422"/>
</kw>
<status status="PASS" starttime="20210916 14:37:53.031" endtime="20210916 14:37:59.422"/>
</test>
<test id="s1-s5-t4" name="Login with user 1234 and password  4242">
<kw name="Validate UnSuccesful Login">
<arg>1234</arg>
<arg> 4242</arg>
<kw name="open the browser with the Mortgage payment url">
<kw name="Create Webdriver" library="SeleniumLibrary">
<arg>Chrome</arg>
<arg>executable_path=/Users/rahulshetty/Documents/chromedriver</arg>
<doc>Creates an instance of Selenium WebDriver.</doc>
<msg timestamp="20210916 14:37:59.428" level="INFO">Creating an instance of the Chrome WebDriver.</msg>
<status status="PASS" starttime="20210916 14:37:59.428" endtime="20210916 14:38:01.701"/>
</kw>
<kw name="Go To" library="SeleniumLibrary">
<arg>https://rahulshettyacademy.com/loginpagePractise/</arg>
<doc>Navigates the current browser window to the provided ``url``.</doc>
<msg timestamp="20210916 14:38:01.703" level="INFO">Opening url 'https://rahulshettyacademy.com/loginpagePractise/'</msg>
<status status="PASS" starttime="20210916 14:38:01.702" endtime="20210916 14:38:02.661"/>
</kw>
<status status="PASS" starttime="20210916 14:37:59.427" endtime="20210916 14:38:02.662"/>
</kw>
<kw name="Fill the login Form">
<arg>${username}</arg>
<arg>${password}</arg>
<kw name="Input Text" library="SeleniumLibrary">
<arg>id:username</arg>
<arg>${username}</arg>
<doc>Types the given ``text`` into the text field identified by ``locator``.</doc>
<msg timestamp="20210916 14:38:02.665" level="INFO">Typing text '1234' into text field 'id:username'.</msg>
<status status="PASS" starttime="20210916 14:38:02.664" endtime="20210916 14:38:02.863"/>
</kw>
<kw name="Input Password" library="SeleniumLibrary">
<arg>id:password</arg>
<arg>${password}</arg>
<doc>Types the given password into the text field identified by ``locator``.</doc>
<msg timestamp="20210916 14:38:02.864" level="INFO">Typing password into text field 'id:password'.</msg>
<msg timestamp="20210916 14:38:02.899" level="INFO">Temporally setting log level to: NONE</msg>
<msg timestamp="20210916 14:38:02.945" level="INFO">Log level changed from NONE to INFO.</msg>
<status status="PASS" starttime="20210916 14:38:02.863" endtime="20210916 14:38:02.945"/>
</kw>
<kw name="Click Button" library="SeleniumLibrary">
<arg>signInBtn</arg>
<doc>Clicks the button identified by ``locator``.</doc>
<msg timestamp="20210916 14:38:02.945" level="INFO">Clicking button 'signInBtn'.</msg>
<status status="PASS" starttime="20210916 14:38:02.945" endtime="20210916 14:38:02.999"/>
</kw>
<status status="PASS" starttime="20210916 14:38:02.663" endtime="20210916 14:38:02.999"/>
</kw>
<kw name="wait until it checks and display error message">
<kw name="Wait Until Element Is Visible" library="SeleniumLibrary">
<arg>${Error_Message_Login}</arg>
<doc>Waits until the element ``locator`` is visible.</doc>
<status status="PASS" starttime="20210916 14:38:03.001" endtime="20210916 14:38:05.010"/>
</kw>
<status status="PASS" starttime="20210916 14:38:03.000" endtime="20210916 14:38:05.011"/>
</kw>
<kw name="verify error message is correct">
<kw name="Get Text" library="SeleniumLibrary">
<var>${result}</var>
<arg>${Error_Message_Login}</arg>
<doc>Returns the text value of the element identified by ``locator``.</doc>
<msg timestamp="20210916 14:38:05.037" level="INFO">${result} = Incorrect username/password.</msg>
<status status="PASS" starttime="20210916 14:38:05.012" endtime="20210916 14:38:05.037"/>
</kw>
<kw name="Should Be Equal As Strings" library="BuiltIn">
<arg>${result}</arg>
<arg>Incorrect username/password.</arg>
<doc>Fails if objects are unequal after converting them to strings.</doc>
<status status="PASS" starttime="20210916 14:38:05.037" endtime="20210916 14:38:05.038"/>
</kw>
<kw name="Element Text Should Be" library="SeleniumLibrary">
<arg>${Error_Message_Login}</arg>
<arg>Incorrect username/password.</arg>
<doc>Verifies that element ``locator`` contains exact the text ``expected``.</doc>
<msg timestamp="20210916 14:38:05.039" level="INFO">Verifying element 'css:.alert-danger' contains exact text 'Incorrect username/password.'.</msg>
<status status="PASS" starttime="20210916 14:38:05.038" endtime="20210916 14:38:05.055"/>
</kw>
<status status="PASS" starttime="20210916 14:38:05.011" endtime="20210916 14:38:05.056"/>
</kw>
<status status="PASS" starttime="20210916 14:37:59.425" endtime="20210916 14:38:05.056"/>
</kw>
<kw name="Close Browser" library="SeleniumLibrary" type="TEARDOWN">
<doc>Closes the current browser.</doc>
<status status="PASS" starttime="20210916 14:38:05.057" endtime="20210916 14:38:05.230"/>
</kw>
<status status="PASS" starttime="20210916 14:37:59.423" endtime="20210916 14:38:05.231"/>
</test>
<doc>To validate the Login form</doc>
<status status="PASS" starttime="20210916 14:37:37.942" endtime="20210916 14:38:05.232"/>
</suite>
<suite id="s1-s6" name="testDemo6" source="/Users/rahulshetty/pythonProjects/RobotFramework/tests/testDemo6.robot">
<test id="s1-s6-t1" name="Validate UnSuccesful Login">
<kw name="open the browser with the url" library="Generic" type="SETUP">
<kw name="Create Webdriver" library="SeleniumLibrary">
<arg>${browser_name}</arg>
<arg>executable_path=resources/${browser_name}</arg>
<doc>Creates an instance of Selenium WebDriver.</doc>
<msg timestamp="20210916 14:37:38.201" level="INFO">Creating an instance of the Chrome WebDriver.</msg>
<status status="PASS" starttime="20210916 14:37:38.200" endtime="20210916 14:37:41.708"/>
</kw>
<kw name="Go To" library="SeleniumLibrary">
<arg>${url}</arg>
<doc>Navigates the current browser window to the provided ``url``.</doc>
<msg timestamp="20210916 14:37:41.711" level="INFO">Opening url 'https://rahulshettyacademy.com/loginpagePractise/'</msg>
<status status="PASS" starttime="20210916 14:37:41.710" endtime="20210916 14:37:42.946"/>
</kw>
<status status="PASS" starttime="20210916 14:37:38.199" endtime="20210916 14:37:42.947"/>
</kw>
<kw name="Fill the login Form" library="LandingPage">
<arg>${user_name}</arg>
<arg>${invalid_password}</arg>
<kw name="Input Text" library="SeleniumLibrary">
<arg>id:username</arg>
<arg>${username}</arg>
<doc>Types the given ``text`` into the text field identified by ``locator``.</doc>
<msg timestamp="20210916 14:37:42.952" level="INFO">Typing text 'rahulshettyacademy' into text field 'id:username'.</msg>
<status status="PASS" starttime="20210916 14:37:42.950" endtime="20210916 14:37:43.197"/>
</kw>
<kw name="Input Password" library="SeleniumLibrary">
<arg>id:password</arg>
<arg>${password}</arg>
<doc>Types the given password into the text field identified by ``locator``.</doc>
<msg timestamp="20210916 14:37:43.199" level="INFO">Typing password into text field 'id:password'.</msg>
<msg timestamp="20210916 14:37:43.267" level="INFO">Temporally setting log level to: NONE</msg>
<msg timestamp="20210916 14:37:43.390" level="INFO">Log level changed from NONE to INFO.</msg>
<status status="PASS" starttime="20210916 14:37:43.198" endtime="20210916 14:37:43.391"/>
</kw>
<kw name="Click Button" library="SeleniumLibrary">
<arg>signInBtn</arg>
<doc>Clicks the button identified by ``locator``.</doc>
<msg timestamp="20210916 14:37:43.392" level="INFO">Clicking button 'signInBtn'.</msg>
<status status="PASS" starttime="20210916 14:37:43.391" endtime="20210916 14:37:43.547"/>
</kw>
<status status="PASS" starttime="20210916 14:37:42.948" endtime="20210916 14:37:43.548"/>
</kw>
<kw name="wait until Element is located in the page" library="LandingPage">
<kw name="Wait Until element passed is located on Page" library="Generic">
<arg>${Error_Message_Login}</arg>
<kw name="Wait Until Element Is Visible" library="SeleniumLibrary">
<arg>${page_locator}</arg>
<arg>timeout=10</arg>
<doc>Waits until the element ``locator`` is visible.</doc>
<status status="PASS" starttime="20210916 14:37:43.551" endtime="20210916 14:37:45.541"/>
</kw>
<status status="PASS" starttime="20210916 14:37:43.550" endtime="20210916 14:37:45.541"/>
</kw>
<status status="PASS" starttime="20210916 14:37:43.549" endtime="20210916 14:37:45.542"/>
</kw>
<kw name="verify error message is correct" library="LandingPage">
<kw name="Get Text" library="SeleniumLibrary">
<var>${result}</var>
<arg>${Error_Message_Login}</arg>
<doc>Returns the text value of the element identified by ``locator``.</doc>
<msg timestamp="20210916 14:37:45.572" level="INFO">${result} = Incorrect username/password.</msg>
<status status="PASS" starttime="20210916 14:37:45.543" endtime="20210916 14:37:45.572"/>
</kw>
<kw name="Should Be Equal As Strings" library="BuiltIn">
<arg>${result}</arg>
<arg>Incorrect username/password.</arg>
<doc>Fails if objects are unequal after converting them to strings.</doc>
<status status="PASS" starttime="20210916 14:37:45.572" endtime="20210916 14:37:45.573"/>
</kw>
<kw name="Element Text Should Be" library="SeleniumLibrary">
<arg>${Error_Message_Login}</arg>
<arg>Incorrect username/password.</arg>
<doc>Verifies that element ``locator`` contains exact the text ``expected``.</doc>
<msg timestamp="20210916 14:37:45.574" level="INFO">Verifying element 'css:.alert-danger' contains exact text 'Incorrect username/password.'.</msg>
<status status="PASS" starttime="20210916 14:37:45.573" endtime="20210916 14:37:45.593"/>
</kw>
<status status="PASS" starttime="20210916 14:37:45.542" endtime="20210916 14:37:45.593"/>
</kw>
<kw name="Close Browser session" library="Generic" type="TEARDOWN">
<kw name="Close Browser" library="SeleniumLibrary">
<doc>Closes the current browser.</doc>
<status status="PASS" starttime="20210916 14:37:45.594" endtime="20210916 14:37:45.854"/>
</kw>
<status status="PASS" starttime="20210916 14:37:45.594" endtime="20210916 14:37:45.854"/>
</kw>
<tag>REGRESSION</tag>
<tag>SMOKE</tag>
<status status="PASS" starttime="20210916 14:37:38.198" endtime="20210916 14:37:45.855"/>
</test>
<test id="s1-s6-t2" name="End to end ecommerce Product validation">
<kw name="open the browser with the url" library="Generic" type="SETUP">
<kw name="Create Webdriver" library="SeleniumLibrary">
<arg>${browser_name}</arg>
<arg>executable_path=resources/${browser_name}</arg>
<doc>Creates an instance of Selenium WebDriver.</doc>
<msg timestamp="20210916 14:37:45.859" level="INFO">Creating an instance of the Chrome WebDriver.</msg>
<status status="PASS" starttime="20210916 14:37:45.858" endtime="20210916 14:37:48.788"/>
</kw>
<kw name="Go To" library="SeleniumLibrary">
<arg>${url}</arg>
<doc>Navigates the current browser window to the provided ``url``.</doc>
<msg timestamp="20210916 14:37:48.791" level="INFO">Opening url 'https://rahulshettyacademy.com/loginpagePractise/'</msg>
<status status="PASS" starttime="20210916 14:37:48.790" endtime="20210916 14:37:50.014"/>
</kw>
<status status="PASS" starttime="20210916 14:37:45.857" endtime="20210916 14:37:50.015"/>
</kw>
<kw name="Fill the login Form" library="LandingPage">
<arg>${user_name}</arg>
<arg>${valid_password}</arg>
<kw name="Input Text" library="SeleniumLibrary">
<arg>id:username</arg>
<arg>${username}</arg>
<doc>Types the given ``text`` into the text field identified by ``locator``.</doc>
<msg timestamp="20210916 14:37:50.018" level="INFO">Typing text 'rahulshettyacademy' into text field 'id:username'.</msg>
<status status="PASS" starttime="20210916 14:37:50.017" endtime="20210916 14:37:50.249"/>
</kw>
<kw name="Input Password" library="SeleniumLibrary">
<arg>id:password</arg>
<arg>${password}</arg>
<doc>Types the given password into the text field identified by ``locator``.</doc>
<msg timestamp="20210916 14:37:50.251" level="INFO">Typing password into text field 'id:password'.</msg>
<msg timestamp="20210916 14:37:50.303" level="INFO">Temporally setting log level to: NONE</msg>
<msg timestamp="20210916 14:37:50.361" level="INFO">Log level changed from NONE to INFO.</msg>
<status status="PASS" starttime="20210916 14:37:50.250" endtime="20210916 14:37:50.361"/>
</kw>
<kw name="Click Button" library="SeleniumLibrary">
<arg>signInBtn</arg>
<doc>Clicks the button identified by ``locator``.</doc>
<msg timestamp="20210916 14:37:50.362" level="INFO">Clicking button 'signInBtn'.</msg>
<status status="PASS" starttime="20210916 14:37:50.362" endtime="20210916 14:37:50.471"/>
</kw>
<status status="PASS" starttime="20210916 14:37:50.016" endtime="20210916 14:37:50.471"/>
</kw>
<kw name="wait until Element is located in the page" library="ShopPage">
<kw name="Wait Until element passed is located on Page" library="Generic">
<arg>${Shop_page_load}</arg>
<kw name="Wait Until Element Is Visible" library="SeleniumLibrary">
<arg>${page_locator}</arg>
<arg>timeout=10</arg>
<doc>Waits until the element ``locator`` is visible.</doc>
<status status="PASS" starttime="20210916 14:37:50.473" endtime="20210916 14:37:54.609"/>
</kw>
<status status="PASS" starttime="20210916 14:37:50.472" endtime="20210916 14:37:54.610"/>
</kw>
<status status="PASS" starttime="20210916 14:37:50.472" endtime="20210916 14:37:54.632"/>
</kw>
<kw name="Verify Card titles in the Shop page" library="ShopPage">
<kw name="Create List" library="BuiltIn">
<var>@{expectedList}</var>
<arg>iphone X</arg>
<arg>Samsung Note 8</arg>
<arg>Nokia Edge</arg>
<arg>Blackberry</arg>
<doc>Returns a list containing given items.</doc>
<msg timestamp="20210916 14:37:54.636" level="INFO">@{expectedList} = [ iphone X | Samsung Note 8 | Nokia Edge | Blackberry ]</msg>
<status status="PASS" starttime="20210916 14:37:54.634" endtime="20210916 14:37:54.636"/>
</kw>
<kw name="Get WebElements" library="SeleniumLibrary">
<var>${elements}</var>
<arg>css:.card-title</arg>
<doc>Returns a list of WebElement objects matching the ``locator``.</doc>
<msg timestamp="20210916 14:37:54.659" level="INFO">${elements} = [&lt;selenium.webdriver.remote.webelement.WebElement (session="908c753214369406eed4cbca18792beb", element="69abce92-389e-4a89-a3ce-5597ee9535d0")&gt;, &lt;selenium.webdriver.remote.webelement.WebElement (sessi...</msg>
<status status="PASS" starttime="20210916 14:37:54.637" endtime="20210916 14:37:54.659"/>
</kw>
<kw name="Create List" library="BuiltIn">
<var>@{actualList}</var>
<doc>Returns a list containing given items.</doc>
<msg timestamp="20210916 14:37:54.661" level="INFO">@{actualList} = [ ]</msg>
<status status="PASS" starttime="20210916 14:37:54.660" endtime="20210916 14:37:54.661"/>
</kw>
<for flavor="IN">
<var>${element}</var>
<value>@{elements}</value>
<iter>
<var name="${element}">&lt;selenium.webdriver.remote.webelement.WebElement (session="908c753214369406eed4cbca18792beb", element="69abce92-389e-4a89-a3ce-5597ee9535d0")&gt;</var>
<kw name="Log" library="BuiltIn">
<arg>${element.text}</arg>
<doc>Logs the given message with the given level.</doc>
<msg timestamp="20210916 14:37:54.690" level="INFO">iphone X</msg>
<status status="PASS" starttime="20210916 14:37:54.662" endtime="20210916 14:37:54.690"/>
</kw>
<kw name="Append To List" library="Collections">
<arg>${actualList}</arg>
<arg>${element.text}</arg>
<doc>Adds ``values`` to the end of ``list``.</doc>
<status status="PASS" starttime="20210916 14:37:54.691" endtime="20210916 14:37:54.705"/>
</kw>
<status status="PASS" starttime="20210916 14:37:54.662" endtime="20210916 14:37:54.706"/>
</iter>
<iter>
<var name="${element}">&lt;selenium.webdriver.remote.webelement.WebElement (session="908c753214369406eed4cbca18792beb", element="411f2c8c-245f-49d0-82d9-bc21d69dcb2a")&gt;</var>
<kw name="Log" library="BuiltIn">
<arg>${element.text}</arg>
<doc>Logs the given message with the given level.</doc>
<msg timestamp="20210916 14:37:54.732" level="INFO">Samsung Note 8</msg>
<status status="PASS" starttime="20210916 14:37:54.707" endtime="20210916 14:37:54.732"/>
</kw>
<kw name="Append To List" library="Collections">
<arg>${actualList}</arg>
<arg>${element.text}</arg>
<doc>Adds ``values`` to the end of ``list``.</doc>
<status status="PASS" starttime="20210916 14:37:54.733" endtime="20210916 14:37:54.747"/>
</kw>
<status status="PASS" starttime="20210916 14:37:54.706" endtime="20210916 14:37:54.747"/>
</iter>
<iter>
<var name="${element}">&lt;selenium.webdriver.remote.webelement.WebElement (session="908c753214369406eed4cbca18792beb", element="1441761c-13e3-4b6d-a274-6b8060033e75")&gt;</var>
<kw name="Log" library="BuiltIn">
<arg>${element.text}</arg>
<doc>Logs the given message with the given level.</doc>
<msg timestamp="20210916 14:37:54.774" level="INFO">Nokia Edge</msg>
<status status="PASS" starttime="20210916 14:37:54.748" endtime="20210916 14:37:54.774"/>
</kw>
<kw name="Append To List" library="Collections">
<arg>${actualList}</arg>
<arg>${element.text}</arg>
<doc>Adds ``values`` to the end of ``list``.</doc>
<status status="PASS" starttime="20210916 14:37:54.775" endtime="20210916 14:37:54.795"/>
</kw>
<status status="PASS" starttime="20210916 14:37:54.747" endtime="20210916 14:37:54.795"/>
</iter>
<iter>
<var name="${element}">&lt;selenium.webdriver.remote.webelement.WebElement (session="908c753214369406eed4cbca18792beb", element="8dde438e-aeba-468c-976f-e5772becc600")&gt;</var>
<kw name="Log" library="BuiltIn">
<arg>${element.text}</arg>
<doc>Logs the given message with the given level.</doc>
<msg timestamp="20210916 14:37:54.827" level="INFO">Blackberry</msg>
<status status="PASS" starttime="20210916 14:37:54.797" endtime="20210916 14:37:54.827"/>
</kw>
<kw name="Append To List" library="Collections">
<arg>${actualList}</arg>
<arg>${element.text}</arg>
<doc>Adds ``values`` to the end of ``list``.</doc>
<status status="PASS" starttime="20210916 14:37:54.827" endtime="20210916 14:37:54.845"/>
</kw>
<status status="PASS" starttime="20210916 14:37:54.796" endtime="20210916 14:37:54.845"/>
</iter>
<status status="PASS" starttime="20210916 14:37:54.661" endtime="20210916 14:37:54.846"/>
</for>
<kw name="Lists Should Be Equal" library="Collections">
<arg>${expectedList}</arg>
<arg>${actualList}</arg>
<doc>Fails if given lists are unequal.</doc>
<status status="PASS" starttime="20210916 14:37:54.846" endtime="20210916 14:37:54.848"/>
</kw>
<status status="PASS" starttime="20210916 14:37:54.633" endtime="20210916 14:37:54.849"/>
[...]
<msg timestamp="20210916 14:38:02.544" level="INFO">Slept 2 seconds</msg>
<status status="PASS" starttime="20210916 14:38:00.543" endtime="20210916 14:38:02.544"/>
</kw>
<kw name="Click Element" library="SeleniumLibrary">
<arg>css:.checkbox label</arg>
<doc>Click the element identified by ``locator``.</doc>
<msg timestamp="20210916 14:38:02.545" level="INFO">Clicking element 'css:.checkbox label'.</msg>
<status status="PASS" starttime="20210916 14:38:02.544" endtime="20210916 14:38:02.586"/>
</kw>
<status status="PASS" starttime="20210916 14:37:55.298" endtime="20210916 14:38:02.587"/>
</kw>
<kw name="Purchase the Product and Confirm the Purchase" library="ConfirmationPage">
<kw name="Click Button" library="SeleniumLibrary">
<arg>css:.btn-success</arg>
<doc>Clicks the button identified by ``locator``.</doc>
<msg timestamp="20210916 14:38:02.589" level="INFO">Clicking button 'css:.btn-success'.</msg>
<status status="PASS" starttime="20210916 14:38:02.588" endtime="20210916 14:38:02.641"/>
</kw>
<kw name="Page Should Contain" library="SeleniumLibrary">
<arg>Success!</arg>
<doc>Verifies that current page contains ``text``.</doc>
<msg timestamp="20210916 14:38:02.660" level="INFO">Current page contains text 'Success!'.</msg>
<status status="PASS" starttime="20210916 14:38:02.642" endtime="20210916 14:38:02.660"/>
</kw>
<status status="PASS" starttime="20210916 14:38:02.588" endtime="20210916 14:38:02.661"/>
</kw>
<kw name="Close Browser session" library="Generic" type="TEARDOWN">
<kw name="Close Browser" library="SeleniumLibrary">
<doc>Closes the current browser.</doc>
<status status="PASS" starttime="20210916 14:38:02.662" endtime="20210916 14:38:02.748"/>
</kw>
<status status="PASS" starttime="20210916 14:38:02.661" endtime="20210916 14:38:02.748"/>
</kw>
<tag>REGRESSION</tag>
<status status="PASS" starttime="20210916 14:37:45.856" endtime="20210916 14:38:02.748"/>
</test>
<test id="s1-s6-t3" name="Select the Form and navigate to Child window">
<kw name="open the browser with the url" library="Generic" type="SETUP">
<kw name="Create Webdriver" library="SeleniumLibrary">
<arg>${browser_name}</arg>
<arg>executable_path=resources/${browser_name}</arg>
<doc>Creates an instance of Selenium WebDriver.</doc>
<msg timestamp="20210916 14:38:02.753" level="INFO">Creating an instance of the Chrome WebDriver.</msg>
<status status="PASS" starttime="20210916 14:38:02.751" endtime="20210916 14:38:05.049"/>
</kw>
<kw name="Go To" library="SeleniumLibrary">
<arg>${url}</arg>
<doc>Navigates the current browser window to the provided ``url``.</doc>
<msg timestamp="20210916 14:38:05.050" level="INFO">Opening url 'https://rahulshettyacademy.com/loginpagePractise/'</msg>
<status status="PASS" starttime="20210916 14:38:05.049" endtime="20210916 14:38:05.981"/>
</kw>
<status status="PASS" starttime="20210916 14:38:02.750" endtime="20210916 14:38:05.981"/>
</kw>
<kw name="Fill the Login Details and Login Form" library="LandingPage">
<kw name="Input Text" library="SeleniumLibrary">
<arg>id:username</arg>
<arg>rahulshettyacademy</arg>
<doc>Types the given ``text`` into the text field identified by ``locator``.</doc>
<msg timestamp="20210916 14:38:05.983" level="INFO">Typing text 'rahulshettyacademy' into text field 'id:username'.</msg>
<status status="PASS" starttime="20210916 14:38:05.982" endtime="20210916 14:38:06.168"/>
</kw>
<kw name="Input Password" library="SeleniumLibrary">
<arg>id:password</arg>
<arg>learning</arg>
<doc>Types the given password into the text field identified by ``locator``.</doc>
<msg timestamp="20210916 14:38:06.169" level="INFO">Typing password into text field 'id:password'.</msg>
<msg timestamp="20210916 14:38:06.207" level="INFO">Temporally setting log level to: NONE</msg>
<msg timestamp="20210916 14:38:06.252" level="INFO">Log level changed from NONE to INFO.</msg>
<status status="PASS" starttime="20210916 14:38:06.169" endtime="20210916 14:38:06.252"/>
</kw>
<kw name="Click Element" library="SeleniumLibrary">
<arg>css:input[value='user']</arg>
<doc>Click the element identified by ``locator``.</doc>
<msg timestamp="20210916 14:38:06.253" level="INFO">Clicking element 'css:input[value='user']'.</msg>
<status status="PASS" starttime="20210916 14:38:06.253" endtime="20210916 14:38:06.333"/>
</kw>
<kw name="Wait Until Element Is Visible" library="SeleniumLibrary">
<arg>css:.modal-body</arg>
<doc>Waits until the element ``locator`` is visible.</doc>
<status status="PASS" starttime="20210916 14:38:06.333" endtime="20210916 14:38:06.576"/>
</kw>
<kw name="Click Button" library="SeleniumLibrary">
<arg>id:okayBtn</arg>
<doc>Clicks the button identified by ``locator``.</doc>
<msg timestamp="20210916 14:38:06.577" level="INFO">Clicking button 'id:okayBtn'.</msg>
<status status="PASS" starttime="20210916 14:38:06.577" endtime="20210916 14:38:06.629"/>
</kw>
<kw name="Click Button" library="SeleniumLibrary">
<arg>id:okayBtn</arg>
<doc>Clicks the button identified by ``locator``.</doc>
<msg timestamp="20210916 14:38:06.631" level="INFO">Clicking button 'id:okayBtn'.</msg>
<status status="PASS" starttime="20210916 14:38:06.630" endtime="20210916 14:38:06.666"/>
</kw>
<kw name="Wait Until Element Is Not Visible" library="SeleniumLibrary">
<arg>css:.modal-body</arg>
<doc>Waits until the element ``locator`` is not visible.</doc>
<status status="PASS" starttime="20210916 14:38:06.666" endtime="20210916 14:38:06.896"/>
</kw>
<kw name="Select From List By Value" library="SeleniumLibrary">
<arg>css:select.form-control</arg>
<arg>teach</arg>
<doc>Selects options from selection list ``locator`` by ``values``.</doc>
<msg timestamp="20210916 14:38:06.897" level="INFO">Selecting options from selection list 'css:select.form-control' by value teach.</msg>
<status status="PASS" starttime="20210916 14:38:06.896" endtime="20210916 14:38:06.956"/>
</kw>
<kw name="Select Checkbox" library="SeleniumLibrary">
<arg>terms</arg>
<doc>Selects the checkbox identified by ``locator``.</doc>
<msg timestamp="20210916 14:38:06.956" level="INFO">Selecting checkbox 'terms'.</msg>
<status status="PASS" starttime="20210916 14:38:06.956" endtime="20210916 14:38:07.009"/>
</kw>
<kw name="Checkbox Should Be Selected" library="SeleniumLibrary">
<arg>terms</arg>
<doc>Verifies checkbox ``locator`` is selected/checked.</doc>
<msg timestamp="20210916 14:38:07.010" level="INFO">Verifying checkbox 'terms' is selected.</msg>
<status status="PASS" starttime="20210916 14:38:07.010" endtime="20210916 14:38:07.024"/>
</kw>
<status status="PASS" starttime="20210916 14:38:05.982" endtime="20210916 14:38:07.024"/>
</kw>
<kw name="Close Browser session" library="Generic" type="TEARDOWN">
<kw name="Close Browser" library="SeleniumLibrary">
<doc>Closes the current browser.</doc>
<status status="PASS" starttime="20210916 14:38:07.025" endtime="20210916 14:38:07.145"/>
</kw>
<status status="PASS" starttime="20210916 14:38:07.025" endtime="20210916 14:38:07.146"/>
</kw>
<status status="PASS" starttime="20210916 14:38:02.749" endtime="20210916 14:38:07.146"/>
</test>
<doc>To validate the Login form</doc>
<status status="PASS" starttime="20210916 14:37:37.956" endtime="20210916 14:38:07.147"/>
</suite>
<suite id="s1-s7" name="testDemo7" source="/Users/rahulshetty/pythonProjects/RobotFramework/tests/testDemo7.robot">
<test id="s1-s7-t1" name="Play around with Dictinoary">
<kw name="Create Dictionary" library="BuiltIn">
<var>&amp;{data}</var>
<arg>name=rahulshetty</arg>
<arg>course=robot</arg>
<arg>website=rahulshettyacademy.com</arg>
<doc>Creates and returns a dictionary based on the given ``items``.</doc>
<msg timestamp="20210916 14:37:38.095" level="INFO">&amp;{data} = { name=rahulshetty | course=robot | website=rahulshettyacademy.com }</msg>
<status status="PASS" starttime="20210916 14:37:38.094" endtime="20210916 14:37:38.095"/>
</kw>
<kw name="Log" library="BuiltIn">
<arg>${data}</arg>
<doc>Logs the given message with the given level.</doc>
<msg timestamp="20210916 14:37:38.095" level="INFO">{'name': 'rahulshetty', 'course': 'robot', 'website': 'rahulshettyacademy.com'}</msg>
<status status="PASS" starttime="20210916 14:37:38.095" endtime="20210916 14:37:38.096"/>
</kw>
<kw name="Dictionary Should Contain Key" library="Collections">
<arg>${data}</arg>
<arg>name</arg>
<doc>Fails if ``key`` is not found from ``dictionary``.</doc>
<status status="PASS" starttime="20210916 14:37:38.096" endtime="20210916 14:37:38.096"/>
</kw>
<kw name="Log" library="BuiltIn">
<arg>${data}[name]</arg>
<doc>Logs the given message with the given level.</doc>
<msg timestamp="20210916 14:37:38.097" level="INFO">rahulshetty</msg>
<status status="PASS" starttime="20210916 14:37:38.097" endtime="20210916 14:37:38.097"/>
</kw>
<kw name="Get From Dictionary" library="Collections">
<var>${url}</var>
<arg>${data}</arg>
<arg>website</arg>
<doc>Returns a value from the given ``dictionary`` based on the given ``key``.</doc>
<msg timestamp="20210916 14:37:38.098" level="INFO">${url} = rahulshettyacademy.com</msg>
<status status="PASS" starttime="20210916 14:37:38.097" endtime="20210916 14:37:38.098"/>
</kw>
<kw name="Log" library="BuiltIn">
<arg>${url}</arg>
<doc>Logs the given message with the given level.</doc>
<msg timestamp="20210916 14:37:38.098" level="INFO">rahulshettyacademy.com</msg>
<status status="PASS" starttime="20210916 14:37:38.098" endtime="20210916 14:37:38.098"/>
</kw>
<tag>API</tag>
<status status="PASS" starttime="20210916 14:37:38.093" endtime="20210916 14:37:38.099"/>
</test>
<test id="s1-s7-t2" name="Add Book into Library DataBase">
<kw name="Create Dictionary" library="BuiltIn">
<var>&amp;{req_body}</var>
<arg>name=${book_name}</arg>
<arg>isbn=947303</arg>
<arg>aisle=324534</arg>
<arg>author=rahulshetty</arg>
<doc>Creates and returns a dictionary based on the given ``items``.</doc>
<msg timestamp="20210916 14:37:38.100" level="INFO">&amp;{req_body} = { name=RobotFramework | isbn=947303 | aisle=324534 | author=rahulshetty }</msg>
<status status="PASS" starttime="20210916 14:37:38.100" endtime="20210916 14:37:38.100"/>
</kw>
<kw name="POST" library="RequestsLibrary">
<var>${response}</var>
<arg>${base_url}/Library/Addbook.php</arg>
<arg>json=${req_body}</arg>
<arg>expected_status=200</arg>
<doc>Sends a POST request.</doc>
<msg timestamp="20210916 14:37:39.316" level="INFO">POST Request : url=https://rahulshettyacademy.com/Library/Addbook.php 
 path_url=/Library/Addbook.php 
 headers={'User-Agent': 'python-requests/2.24.0', 'Accept-Encoding': 'gzip, deflate', 'Accept': '*/*', 'Connection': 'keep-alive', 'Content-Length': '88', 'Content-Type': 'application/json'} 
 body=b'{"name": "RobotFramework", "isbn": "947303", "aisle": "324534", "author": "rahulshetty"}' 
 </msg>
<msg timestamp="20210916 14:37:39.316" level="INFO">POST Response : url=https://rahulshettyacademy.com/Library/Addbook.php 
 status=200, reason=OK 
 headers={'Date': 'Thu, 16 Sep 2021 18:37:39 GMT', 'Server': 'Apache/2.4.18 (Ubuntu)', 'Access-Control-Allow-Origin': '*', 'Access-Control-Allow-Methods': 'POST', 'Access-Control-Max-Age': '3600', 'Access-Control-Allow-Headers': 'Content-Type, Access-Control-Allow-Headers, Authorization, X-Requested-With', 'Content-Length': '48', 'Keep-Alive': 'timeout=5, max=100', 'Connection': 'Keep-Alive', 'Content-Type': 'application/json;charset=UTF-8'} 
 body={"Msg":"successfully added","ID":"947303324534"} 
 </msg>
<msg timestamp="20210916 14:37:39.316" level="INFO">${response} = &lt;Response [200]&gt;</msg>
<status status="PASS" starttime="20210916 14:37:38.101" endtime="20210916 14:37:39.316"/>
</kw>
<kw name="Log" library="BuiltIn">
<arg>${response.json()}</arg>
<doc>Logs the given message with the given level.</doc>
<msg timestamp="20210916 14:37:39.318" level="INFO">{'Msg': 'successfully added', 'ID': '947303324534'}</msg>
<status status="PASS" starttime="20210916 14:37:39.317" endtime="20210916 14:37:39.318"/>
</kw>
<kw name="Dictionary Should Contain Key" library="Collections">
<arg>${response.json()}</arg>
<arg>ID</arg>
<doc>Fails if ``key`` is not found from ``dictionary``.</doc>
<status status="PASS" starttime="20210916 14:37:39.319" endtime="20210916 14:37:39.321"/>
</kw>
<kw name="Get From Dictionary" library="Collections">
<var>${book_id}</var>
<arg>${response.json()}</arg>
<arg>ID</arg>
<doc>Returns a value from the given ``dictionary`` based on the given ``key``.</doc>
<msg timestamp="20210916 14:37:39.322" level="INFO">${book_id} = 947303324534</msg>
<status status="PASS" starttime="20210916 14:37:39.321" endtime="20210916 14:37:39.323"/>
</kw>
<kw name="Set Global Variable" library="BuiltIn">
<arg>${book_id}</arg>
<doc>Makes a variable available globally in all tests and suites.</doc>
<msg timestamp="20210916 14:37:39.324" level="INFO">${book_id} = 947303324534</msg>
<status status="PASS" starttime="20210916 14:37:39.323" endtime="20210916 14:37:39.324"/>
</kw>
<kw name="Log" library="BuiltIn">
<arg>${book_id}</arg>
<doc>Logs the given message with the given level.</doc>
<msg timestamp="20210916 14:37:39.325" level="INFO">947303324534</msg>
<status status="PASS" starttime="20210916 14:37:39.324" endtime="20210916 14:37:39.325"/>
</kw>
<kw name="Should Be Equal As Strings" library="BuiltIn">
<arg>successfully added</arg>
<arg>${response.json()}[Msg]</arg>
<doc>Fails if objects are unequal after converting them to strings.</doc>
<status status="PASS" starttime="20210916 14:37:39.326" endtime="20210916 14:37:39.328"/>
</kw>
<kw name="Status Should Be" library="RequestsLibrary">
<arg>200</arg>
<arg>${response}</arg>
<doc>Fails if response status code is different than the expected.</doc>
<status status="PASS" starttime="20210916 14:37:39.328" endtime="20210916 14:37:39.330"/>
</kw>
<tag>API</tag>
<status status="PASS" starttime="20210916 14:37:38.099" endtime="20210916 14:37:39.330"/>
</test>
<test id="s1-s7-t3" name="Get the Book Details which got added">
<kw name="GET" library="RequestsLibrary">
<var>${get_response}</var>
<arg>${base_url}/Library/GetBook.php</arg>
<arg>params=ID=${book_id}</arg>
<arg>expected_status=200</arg>
<doc>Sends a GET request.</doc>
<msg timestamp="20210916 14:37:40.427" level="INFO">GET Request : url=https://rahulshettyacademy.com/Library/GetBook.php?ID=947303324534 
 path_url=/Library/GetBook.php?ID=947303324534 
 headers={'User-Agent': 'python-requests/2.24.0', 'Accept-Encoding': 'gzip, deflate', 'Accept': '*/*', 'Connection': 'keep-alive'} 
 body=None 
 </msg>
<msg timestamp="20210916 14:37:40.427" level="INFO">GET Response : url=https://rahulshettyacademy.com/Library/GetBook.php?ID=947303324534 
 status=200, reason=OK 
 headers={'Date': 'Thu, 16 Sep 2021 18:37:40 GMT', 'Server': 'Apache/2.4.18 (Ubuntu)', 'Access-Control-Allow-Origin': '*', 'Access-Control-Allow-Methods': 'POST', 'Access-Control-Max-Age': '3600', 'Access-Control-Allow-Headers': 'Content-Type, Access-Control-Allow-Headers, Authorization, X-Requested-With', 'Content-Length': '88', 'Keep-Alive': 'timeout=5, max=100', 'Connection': 'Keep-Alive', 'Content-Type': 'application/json;charset=UTF-8'} 
 body=[{"book_name":"RobotFramework","isbn":"947303","aisle":"324534","author":"rahulshetty"}] 
 </msg>
<msg timestamp="20210916 14:37:40.437" level="INFO">${get_response} = &lt;Response [200]&gt;</msg>
<status status="PASS" starttime="20210916 14:37:39.333" endtime="20210916 14:37:40.437"/>
</kw>
<kw name="Log" library="BuiltIn">
<arg>${get_response.json()}</arg>
<doc>Logs the given message with the given level.</doc>
<msg timestamp="20210916 14:37:40.439" level="INFO">[{'book_name': 'RobotFramework', 'isbn': '947303', 'aisle': '324534', 'author': 'rahulshetty'}]</msg>
<status status="PASS" starttime="20210916 14:37:40.437" endtime="20210916 14:37:40.440"/>
</kw>
<kw name="Should Be Equal As Strings" library="BuiltIn">
<arg>${book_name}</arg>
<arg>${get_response.json()}[0][book_name]</arg>
<doc>Fails if objects are unequal after converting them to strings.</doc>
<status status="PASS" starttime="20210916 14:37:40.440" endtime="20210916 14:37:40.442"/>
</kw>
<tag>API</tag>
<status status="PASS" starttime="20210916 14:37:39.331" endtime="20210916 14:37:40.442"/>
</test>
<test id="s1-s7-t4" name="Delete the Book from database">
<kw name="Create Dictionary" library="BuiltIn">
<var>&amp;{delete_req}</var>
<arg>ID=${book_id}</arg>
<doc>Creates and returns a dictionary based on the given ``items``.</doc>
<msg timestamp="20210916 14:37:40.498" level="INFO">&amp;{delete_req} = { ID=947303324534 }</msg>
<status status="PASS" starttime="20210916 14:37:40.497" endtime="20210916 14:37:40.498"/>
</kw>
<kw name="POST" library="RequestsLibrary">
<var>${delete_resp}</var>
<arg>${base_url}/Library/DeleteBook.php</arg>
<arg>json=${delete_req}</arg>
<arg>expected_status=200</arg>
<doc>Sends a POST request.</doc>
<msg timestamp="20210916 14:37:41.688" level="INFO">POST Request : url=https://rahulshettyacademy.com/Library/DeleteBook.php 
 path_url=/Library/DeleteBook.php 
 headers={'User-Agent': 'python-requests/2.24.0', 'Accept-Encoding': 'gzip, deflate', 'Accept': '*/*', 'Connection': 'keep-alive', 'Content-Length': '22', 'Content-Type': 'application/json'} 
 body=b'{"ID": "947303324534"}' 
 </msg>
<msg timestamp="20210916 14:37:41.688" level="INFO">POST Response : url=https://rahulshettyacademy.com/Library/DeleteBook.php 
 status=200, reason=OK 
 headers={'Date': 'Thu, 16 Sep 2021 18:37:41 GMT', 'Server': 'Apache/2.4.18 (Ubuntu)', 'Access-Control-Allow-Origin': '*', 'Access-Control-Allow-Methods': 'POST', 'Access-Control-Max-Age': '3600', 'Access-Control-Allow-Headers': 'Content-Type, Access-Control-Allow-Headers, Authorization, X-Requested-With', 'Content-Length': '38', 'Keep-Alive': 'timeout=5, max=100', 'Connection': 'Keep-Alive', 'Content-Type': 'application/json;charset=UTF-8'} 
 body={"msg":"book is successfully deleted"} 
 </msg>
<msg timestamp="20210916 14:37:41.689" level="INFO">${delete_resp} = &lt;Response [200]&gt;</msg>
<status status="PASS" starttime="20210916 14:37:40.499" endtime="20210916 14:37:41.689"/>
</kw>
<kw name="Log" library="BuiltIn">
<arg>${delete_resp.json()}</arg>
<doc>Logs the given message with the given level.</doc>
<msg timestamp="20210916 14:37:41.691" level="INFO">{'msg': 'book is successfully deleted'}</msg>
<status status="PASS" starttime="20210916 14:37:41.689" endtime="20210916 14:37:41.692"/>
</kw>
<kw name="Should Be Equal As Strings" library="BuiltIn">
<arg>book is successfully deleted</arg>
<arg>${delete_resp.json()}[msg]</arg>
<doc>Fails if objects are unequal after converting them to strings.</doc>
<status status="PASS" starttime="20210916 14:37:41.692" endtime="20210916 14:37:41.695"/>
</kw>
<tag>API</tag>
<status status="PASS" starttime="20210916 14:37:40.496" endtime="20210916 14:37:41.696"/>
</test>
<status status="PASS" starttime="20210916 14:37:37.951" endtime="20210916 14:37:41.724"/>
</suite>
<doc>[https://pabot.org/?ref=log|Pabot] result from 7 executions.</doc>
<status status="PASS" starttime="20210916 14:37:37.915" endtime="20210916 14:38:07.151"/>
</suite>
<statistics>
<total>
<stat pass="19" fail="0" skip="0">All Tests</stat>
</total>
<tag>
<stat pass="4" fail="0" skip="0">API</stat>
<stat pass="1" fail="0" skip="0">NEWFEATURE</stat>
<stat pass="2" fail="0" skip="0">REGRESSION</stat>
<stat pass="2" fail="0" skip="0">SMOKE</stat>
</tag>
<suite>
<stat pass="19" fail="0" skip="0" id="s1" name="Tests">Tests</stat>
<stat pass="1" fail="0" skip="0" id="s1-s1" name="testDemo1">Tests.testDemo1</stat>
<stat pass="3" fail="0" skip="0" id="s1-s2" name="testDemo2">Tests.testDemo2</stat>
<stat pass="1" fail="0" skip="0" id="s1-s3" name="testDemo3">Tests.testDemo3</stat>
<stat pass="3" fail="0" skip="0" id="s1-s4" name="testDemo4">Tests.testDemo4</stat>
<stat pass="4" fail="0" skip="0" id="s1-s5" name="testDemo5">Tests.testDemo5</stat>
<stat pass="3" fail="0" skip="0" id="s1-s6" name="testDemo6">Tests.testDemo6</stat>
<stat pass="4" fail="0" skip="0" id="s1-s7" name="testDemo7">Tests.testDemo7</stat>
</suite>
</statistics>
<errors>
</errors>
</robot>
